{"C:\\BuiTien\\Griffith\\3_year\\2 trimester\\Software Frameworks\\3813ICT_Assignment\\server\\routes\\auth.js":{"path":"C:\\BuiTien\\Griffith\\3_year\\2 trimester\\Software Frameworks\\3813ICT_Assignment\\server\\routes\\auth.js","statementMap":{"0":{"start":{"line":1,"column":16},"end":{"line":1,"column":34}},"1":{"start":{"line":2,"column":30},"end":{"line":2,"column":59}},"2":{"start":{"line":3,"column":15},"end":{"line":3,"column":31}},"3":{"start":{"line":6,"column":0},"end":{"line":61,"column":3}},"4":{"start":{"line":7,"column":2},"end":{"line":60,"column":3}},"5":{"start":{"line":8,"column":35},"end":{"line":8,"column":43}},"6":{"start":{"line":10,"column":4},"end":{"line":16,"column":5}},"7":{"start":{"line":11,"column":6},"end":{"line":15,"column":9}},"8":{"start":{"line":19,"column":17},"end":{"line":23,"column":6}},"9":{"start":{"line":25,"column":4},"end":{"line":31,"column":5}},"10":{"start":{"line":26,"column":6},"end":{"line":30,"column":9}},"11":{"start":{"line":34,"column":4},"end":{"line":37,"column":6}},"12":{"start":{"line":40,"column":52},"end":{"line":40,"column":56}},"13":{"start":{"line":41,"column":23},"end":{"line":44,"column":5}},"14":{"start":{"line":46,"column":4},"end":{"line":51,"column":7}},"15":{"start":{"line":54,"column":4},"end":{"line":54,"column":41}},"16":{"start":{"line":55,"column":4},"end":{"line":59,"column":7}},"17":{"start":{"line":64,"column":0},"end":{"line":71,"column":3}},"18":{"start":{"line":67,"column":2},"end":{"line":70,"column":5}},"19":{"start":{"line":74,"column":0},"end":{"line":99,"column":3}},"20":{"start":{"line":75,"column":2},"end":{"line":98,"column":3}},"21":{"start":{"line":77,"column":17},"end":{"line":77,"column":25}},"22":{"start":{"line":80,"column":52},"end":{"line":80,"column":56}},"23":{"start":{"line":81,"column":23},"end":{"line":84,"column":5}},"24":{"start":{"line":86,"column":4},"end":{"line":89,"column":7}},"25":{"start":{"line":92,"column":4},"end":{"line":92,"column":52}},"26":{"start":{"line":93,"column":4},"end":{"line":97,"column":7}},"27":{"start":{"line":101,"column":0},"end":{"line":101,"column":24}}},"fnMap":{"0":{"name":"(anonymous_0)","decl":{"start":{"line":6,"column":22},"end":{"line":6,"column":23}},"loc":{"start":{"line":6,"column":42},"end":{"line":61,"column":1}},"line":6},"1":{"name":"(anonymous_1)","decl":{"start":{"line":64,"column":42},"end":{"line":64,"column":43}},"loc":{"start":{"line":64,"column":56},"end":{"line":71,"column":1}},"line":64},"2":{"name":"(anonymous_2)","decl":{"start":{"line":74,"column":42},"end":{"line":74,"column":43}},"loc":{"start":{"line":74,"column":62},"end":{"line":99,"column":1}},"line":74}},"branchMap":{"0":{"loc":{"start":{"line":10,"column":4},"end":{"line":16,"column":5}},"type":"if","locations":[{"start":{"line":10,"column":4},"end":{"line":16,"column":5}},{"start":{},"end":{}}],"line":10},"1":{"loc":{"start":{"line":10,"column":8},"end":{"line":10,"column":30}},"type":"binary-expr","locations":[{"start":{"line":10,"column":8},"end":{"line":10,"column":17}},{"start":{"line":10,"column":21},"end":{"line":10,"column":30}}],"line":10},"2":{"loc":{"start":{"line":25,"column":4},"end":{"line":31,"column":5}},"type":"if","locations":[{"start":{"line":25,"column":4},"end":{"line":31,"column":5}},{"start":{},"end":{}}],"line":25},"3":{"loc":{"start":{"line":25,"column":8},"end":{"line":25,"column":43}},"type":"binary-expr","locations":[{"start":{"line":25,"column":8},"end":{"line":25,"column":13}},{"start":{"line":25,"column":17},"end":{"line":25,"column":43}}],"line":25}},"s":{"0":1,"1":1,"2":1,"3":1,"4":19,"5":19,"6":19,"7":2,"8":17,"9":17,"10":2,"11":15,"12":15,"13":15,"14":15,"15":0,"16":0,"17":1,"18":1,"19":1,"20":2,"21":2,"22":2,"23":2,"24":2,"25":0,"26":0,"27":1},"f":{"0":19,"1":1,"2":2},"b":{"0":[2,17],"1":[19,18],"2":[2,15],"3":[17,15]},"_coverageSchema":"1a1c01bbd47fc00a2c39e90264f33305004495a9","hash":"7495728727d2a5789900a86e79ce922d1797fff2","contentHash":"a78f9eef207a030a83b4f9f2581f99d70c7614c3882fdfad123f3b0c9b79521d"},"C:\\BuiTien\\Griffith\\3_year\\2 trimester\\Software Frameworks\\3813ICT_Assignment\\server\\middleware\\auth.js":{"path":"C:\\BuiTien\\Griffith\\3_year\\2 trimester\\Software Frameworks\\3813ICT_Assignment\\server\\middleware\\auth.js","statementMap":{"0":{"start":{"line":3,"column":26},"end":{"line":67,"column":1}},"1":{"start":{"line":4,"column":2},"end":{"line":66,"column":3}},"2":{"start":{"line":5,"column":23},"end":{"line":5,"column":48}},"3":{"start":{"line":6,"column":4},"end":{"line":12,"column":5}},"4":{"start":{"line":7,"column":6},"end":{"line":11,"column":9}},"5":{"start":{"line":14,"column":18},"end":{"line":14,"column":41}},"6":{"start":{"line":18,"column":26},"end":{"line":18,"column":36}},"7":{"start":{"line":19,"column":4},"end":{"line":25,"column":5}},"8":{"start":{"line":20,"column":6},"end":{"line":24,"column":9}},"9":{"start":{"line":28,"column":31},"end":{"line":28,"column":68}},"10":{"start":{"line":29,"column":32},"end":{"line":29,"column":67}},"11":{"start":{"line":31,"column":4},"end":{"line":37,"column":5}},"12":{"start":{"line":32,"column":6},"end":{"line":36,"column":9}},"13":{"start":{"line":39,"column":19},"end":{"line":39,"column":71}},"14":{"start":{"line":42,"column":17},"end":{"line":45,"column":6}},"15":{"start":{"line":47,"column":4},"end":{"line":53,"column":5}},"16":{"start":{"line":48,"column":6},"end":{"line":52,"column":9}},"17":{"start":{"line":56,"column":4},"end":{"line":56,"column":20}},"18":{"start":{"line":57,"column":4},"end":{"line":57,"column":11}},"19":{"start":{"line":60,"column":4},"end":{"line":60,"column":50}},"20":{"start":{"line":61,"column":4},"end":{"line":65,"column":7}},"21":{"start":{"line":69,"column":20},"end":{"line":92,"column":1}},"22":{"start":{"line":70,"column":2},"end":{"line":91,"column":4}},"23":{"start":{"line":71,"column":4},"end":{"line":77,"column":5}},"24":{"start":{"line":72,"column":6},"end":{"line":76,"column":9}},"25":{"start":{"line":79,"column":21},"end":{"line":79,"column":34}},"26":{"start":{"line":80,"column":28},"end":{"line":80,"column":52}},"27":{"start":{"line":82,"column":4},"end":{"line":88,"column":5}},"28":{"start":{"line":83,"column":6},"end":{"line":87,"column":9}},"29":{"start":{"line":90,"column":4},"end":{"line":90,"column":11}},"30":{"start":{"line":94,"column":26},"end":{"line":94,"column":53}},"31":{"start":{"line":95,"column":26},"end":{"line":95,"column":67}},"32":{"start":{"line":97,"column":0},"end":{"line":102,"column":2}}},"fnMap":{"0":{"name":"(anonymous_0)","decl":{"start":{"line":3,"column":26},"end":{"line":3,"column":27}},"loc":{"start":{"line":3,"column":52},"end":{"line":67,"column":1}},"line":3},"1":{"name":"(anonymous_1)","decl":{"start":{"line":69,"column":20},"end":{"line":69,"column":21}},"loc":{"start":{"line":69,"column":31},"end":{"line":92,"column":1}},"line":69},"2":{"name":"(anonymous_2)","decl":{"start":{"line":70,"column":9},"end":{"line":70,"column":10}},"loc":{"start":{"line":70,"column":29},"end":{"line":91,"column":3}},"line":70}},"branchMap":{"0":{"loc":{"start":{"line":6,"column":4},"end":{"line":12,"column":5}},"type":"if","locations":[{"start":{"line":6,"column":4},"end":{"line":12,"column":5}},{"start":{},"end":{}}],"line":6},"1":{"loc":{"start":{"line":6,"column":8},"end":{"line":6,"column":56}},"type":"binary-expr","locations":[{"start":{"line":6,"column":8},"end":{"line":6,"column":19}},{"start":{"line":6,"column":23},"end":{"line":6,"column":56}}],"line":6},"2":{"loc":{"start":{"line":19,"column":4},"end":{"line":25,"column":5}},"type":"if","locations":[{"start":{"line":19,"column":4},"end":{"line":25,"column":5}},{"start":{},"end":{}}],"line":19},"3":{"loc":{"start":{"line":31,"column":4},"end":{"line":37,"column":5}},"type":"if","locations":[{"start":{"line":31,"column":4},"end":{"line":37,"column":5}},{"start":{},"end":{}}],"line":31},"4":{"loc":{"start":{"line":47,"column":4},"end":{"line":53,"column":5}},"type":"if","locations":[{"start":{"line":47,"column":4},"end":{"line":53,"column":5}},{"start":{},"end":{}}],"line":47},"5":{"loc":{"start":{"line":71,"column":4},"end":{"line":77,"column":5}},"type":"if","locations":[{"start":{"line":71,"column":4},"end":{"line":77,"column":5}},{"start":{},"end":{}}],"line":71},"6":{"loc":{"start":{"line":82,"column":4},"end":{"line":88,"column":5}},"type":"if","locations":[{"start":{"line":82,"column":4},"end":{"line":88,"column":5}},{"start":{},"end":{}}],"line":82}},"s":{"0":1,"1":165,"2":165,"3":165,"4":12,"5":153,"6":153,"7":153,"8":1,"9":152,"10":152,"11":152,"12":1,"13":151,"14":151,"15":151,"16":1,"17":150,"18":150,"19":0,"20":0,"21":1,"22":2,"23":72,"24":0,"25":72,"26":72,"27":72,"28":7,"29":65,"30":1,"31":1,"32":1},"f":{"0":165,"1":2,"2":72},"b":{"0":[12,153],"1":[165,153],"2":[1,152],"3":[1,151],"4":[1,150],"5":[0,72],"6":[7,65]},"_coverageSchema":"1a1c01bbd47fc00a2c39e90264f33305004495a9","hash":"cd6f031a07cfe53db893d76e1f91689e1308654e","contentHash":"5e9660d1bb088326781e290a123041de90e8abd632470a96077985d88f115c8f"},"C:\\BuiTien\\Griffith\\3_year\\2 trimester\\Software Frameworks\\3813ICT_Assignment\\server\\routes\\users.js":{"path":"C:\\BuiTien\\Griffith\\3_year\\2 trimester\\Software Frameworks\\3813ICT_Assignment\\server\\routes\\users.js","statementMap":{"0":{"start":{"line":1,"column":16},"end":{"line":1,"column":34}},"1":{"start":{"line":2,"column":15},"end":{"line":2,"column":31}},"2":{"start":{"line":3,"column":68},"end":{"line":3,"column":97}},"3":{"start":{"line":6,"column":0},"end":{"line":31,"column":3}},"4":{"start":{"line":7,"column":2},"end":{"line":30,"column":3}},"5":{"start":{"line":8,"column":18},"end":{"line":8,"column":76}},"6":{"start":{"line":11,"column":34},"end":{"line":17,"column":6}},"7":{"start":{"line":12,"column":51},"end":{"line":12,"column":55}},"8":{"start":{"line":13,"column":6},"end":{"line":16,"column":8}},"9":{"start":{"line":19,"column":4},"end":{"line":22,"column":7}},"10":{"start":{"line":24,"column":4},"end":{"line":24,"column":45}},"11":{"start":{"line":25,"column":4},"end":{"line":29,"column":7}},"12":{"start":{"line":34,"column":0},"end":{"line":102,"column":3}},"13":{"start":{"line":35,"column":2},"end":{"line":101,"column":3}},"14":{"start":{"line":36,"column":57},"end":{"line":36,"column":65}},"15":{"start":{"line":38,"column":4},"end":{"line":44,"column":5}},"16":{"start":{"line":39,"column":6},"end":{"line":43,"column":9}},"17":{"start":{"line":47,"column":25},"end":{"line":52,"column":6}},"18":{"start":{"line":54,"column":4},"end":{"line":60,"column":5}},"19":{"start":{"line":55,"column":6},"end":{"line":59,"column":9}},"20":{"start":{"line":63,"column":22},"end":{"line":63,"column":32}},"21":{"start":{"line":64,"column":22},"end":{"line":64,"column":54}},"22":{"start":{"line":65,"column":19},"end":{"line":65,"column":51}},"23":{"start":{"line":68,"column":20},"end":{"line":78,"column":5}},"24":{"start":{"line":80,"column":4},"end":{"line":80,"column":47}},"25":{"start":{"line":83,"column":52},"end":{"line":83,"column":59}},"26":{"start":{"line":84,"column":23},"end":{"line":87,"column":5}},"27":{"start":{"line":89,"column":4},"end":{"line":92,"column":7}},"28":{"start":{"line":95,"column":4},"end":{"line":95,"column":47}},"29":{"start":{"line":96,"column":4},"end":{"line":100,"column":7}},"30":{"start":{"line":105,"column":0},"end":{"line":153,"column":3}},"31":{"start":{"line":106,"column":2},"end":{"line":152,"column":3}},"32":{"start":{"line":107,"column":18},"end":{"line":107,"column":27}},"33":{"start":{"line":109,"column":4},"end":{"line":115,"column":5}},"34":{"start":{"line":110,"column":6},"end":{"line":114,"column":9}},"35":{"start":{"line":117,"column":18},"end":{"line":117,"column":33}},"36":{"start":{"line":118,"column":18},"end":{"line":129,"column":16}},"37":{"start":{"line":132,"column":34},"end":{"line":138,"column":6}},"38":{"start":{"line":133,"column":51},"end":{"line":133,"column":55}},"39":{"start":{"line":134,"column":6},"end":{"line":137,"column":8}},"40":{"start":{"line":140,"column":4},"end":{"line":143,"column":7}},"41":{"start":{"line":146,"column":4},"end":{"line":146,"column":48}},"42":{"start":{"line":147,"column":4},"end":{"line":151,"column":7}},"43":{"start":{"line":156,"column":0},"end":{"line":188,"column":3}},"44":{"start":{"line":157,"column":2},"end":{"line":187,"column":3}},"45":{"start":{"line":158,"column":19},"end":{"line":158,"column":29}},"46":{"start":{"line":159,"column":17},"end":{"line":159,"column":61}},"47":{"start":{"line":161,"column":4},"end":{"line":167,"column":5}},"48":{"start":{"line":162,"column":6},"end":{"line":166,"column":9}},"49":{"start":{"line":170,"column":52},"end":{"line":170,"column":56}},"50":{"start":{"line":171,"column":23},"end":{"line":174,"column":5}},"51":{"start":{"line":175,"column":4},"end":{"line":178,"column":7}},"52":{"start":{"line":181,"column":4},"end":{"line":181,"column":50}},"53":{"start":{"line":182,"column":4},"end":{"line":186,"column":7}},"54":{"start":{"line":191,"column":0},"end":{"line":271,"column":3}},"55":{"start":{"line":192,"column":2},"end":{"line":270,"column":3}},"56":{"start":{"line":193,"column":19},"end":{"line":193,"column":29}},"57":{"start":{"line":194,"column":38},"end":{"line":194,"column":46}},"58":{"start":{"line":196,"column":17},"end":{"line":196,"column":61}},"59":{"start":{"line":197,"column":4},"end":{"line":203,"column":5}},"60":{"start":{"line":198,"column":6},"end":{"line":202,"column":9}},"61":{"start":{"line":205,"column":23},"end":{"line":205,"column":25}},"62":{"start":{"line":208,"column":4},"end":{"line":221,"column":5}},"63":{"start":{"line":209,"column":27},"end":{"line":212,"column":8}},"64":{"start":{"line":213,"column":6},"end":{"line":219,"column":7}},"65":{"start":{"line":214,"column":8},"end":{"line":218,"column":11}},"66":{"start":{"line":220,"column":6},"end":{"line":220,"column":37}},"67":{"start":{"line":224,"column":4},"end":{"line":237,"column":5}},"68":{"start":{"line":225,"column":27},"end":{"line":228,"column":8}},"69":{"start":{"line":229,"column":6},"end":{"line":235,"column":7}},"70":{"start":{"line":230,"column":8},"end":{"line":234,"column":11}},"71":{"start":{"line":236,"column":6},"end":{"line":236,"column":31}},"72":{"start":{"line":239,"column":4},"end":{"line":241,"column":5}},"73":{"start":{"line":240,"column":6},"end":{"line":240,"column":29}},"74":{"start":{"line":243,"column":4},"end":{"line":248,"column":5}},"75":{"start":{"line":244,"column":6},"end":{"line":247,"column":8}},"76":{"start":{"line":251,"column":24},"end":{"line":251,"column":68}},"77":{"start":{"line":252,"column":52},"end":{"line":252,"column":63}},"78":{"start":{"line":253,"column":23},"end":{"line":256,"column":5}},"79":{"start":{"line":258,"column":4},"end":{"line":261,"column":7}},"80":{"start":{"line":264,"column":4},"end":{"line":264,"column":47}},"81":{"start":{"line":265,"column":4},"end":{"line":269,"column":7}},"82":{"start":{"line":274,"column":0},"end":{"line":430,"column":3}},"83":{"start":{"line":275,"column":2},"end":{"line":429,"column":3}},"84":{"start":{"line":276,"column":19},"end":{"line":276,"column":29}},"85":{"start":{"line":279,"column":4},"end":{"line":285,"column":5}},"86":{"start":{"line":280,"column":6},"end":{"line":284,"column":9}},"87":{"start":{"line":287,"column":17},"end":{"line":287,"column":61}},"88":{"start":{"line":288,"column":4},"end":{"line":294,"column":5}},"89":{"start":{"line":289,"column":6},"end":{"line":293,"column":9}},"90":{"start":{"line":297,"column":25},"end":{"line":297,"column":43}},"91":{"start":{"line":301,"column":4},"end":{"line":306,"column":5}},"92":{"start":{"line":302,"column":6},"end":{"line":302,"column":38}},"93":{"start":{"line":305,"column":6},"end":{"line":305,"column":24}},"94":{"start":{"line":311,"column":4},"end":{"line":319,"column":6}},"95":{"start":{"line":322,"column":4},"end":{"line":325,"column":6}},"96":{"start":{"line":328,"column":34},"end":{"line":328,"column":97}},"97":{"start":{"line":329,"column":4},"end":{"line":329,"column":90}},"98":{"start":{"line":332,"column":32},"end":{"line":332,"column":100}},"99":{"start":{"line":334,"column":4},"end":{"line":371,"column":5}},"100":{"start":{"line":336,"column":6},"end":{"line":370,"column":7}},"101":{"start":{"line":337,"column":25},"end":{"line":337,"column":84}},"102":{"start":{"line":337,"column":54},"end":{"line":337,"column":83}},"103":{"start":{"line":338,"column":8},"end":{"line":357,"column":9}},"104":{"start":{"line":339,"column":10},"end":{"line":342,"column":12}},"105":{"start":{"line":345,"column":10},"end":{"line":356,"column":11}},"106":{"start":{"line":346,"column":29},"end":{"line":346,"column":91}},"107":{"start":{"line":346,"column":60},"end":{"line":346,"column":90}},"108":{"start":{"line":347,"column":12},"end":{"line":355,"column":13}},"109":{"start":{"line":348,"column":14},"end":{"line":354,"column":16}},"110":{"start":{"line":360,"column":8},"end":{"line":369,"column":10}},"111":{"start":{"line":374,"column":34},"end":{"line":374,"column":104}},"112":{"start":{"line":376,"column":4},"end":{"line":409,"column":5}},"113":{"start":{"line":378,"column":26},"end":{"line":378,"column":84}},"114":{"start":{"line":380,"column":6},"end":{"line":408,"column":7}},"115":{"start":{"line":382,"column":25},"end":{"line":382,"column":46}},"116":{"start":{"line":383,"column":8},"end":{"line":386,"column":10}},"117":{"start":{"line":387,"column":13},"end":{"line":408,"column":7}},"118":{"start":{"line":389,"column":25},"end":{"line":389,"column":89}},"119":{"start":{"line":389,"column":58},"end":{"line":389,"column":88}},"120":{"start":{"line":390,"column":8},"end":{"line":395,"column":9}},"121":{"start":{"line":391,"column":10},"end":{"line":394,"column":12}},"122":{"start":{"line":398,"column":8},"end":{"line":407,"column":10}},"123":{"start":{"line":411,"column":4},"end":{"line":411,"column":93}},"124":{"start":{"line":414,"column":4},"end":{"line":414,"column":61}},"125":{"start":{"line":415,"column":4},"end":{"line":415,"column":64}},"126":{"start":{"line":417,"column":4},"end":{"line":420,"column":7}},"127":{"start":{"line":423,"column":4},"end":{"line":423,"column":47}},"128":{"start":{"line":424,"column":4},"end":{"line":428,"column":7}},"129":{"start":{"line":433,"column":0},"end":{"line":490,"column":3}},"130":{"start":{"line":434,"column":2},"end":{"line":489,"column":3}},"131":{"start":{"line":435,"column":19},"end":{"line":435,"column":29}},"132":{"start":{"line":436,"column":21},"end":{"line":436,"column":29}},"133":{"start":{"line":438,"column":4},"end":{"line":444,"column":5}},"134":{"start":{"line":439,"column":6},"end":{"line":443,"column":9}},"135":{"start":{"line":446,"column":23},"end":{"line":446,"column":59}},"136":{"start":{"line":447,"column":4},"end":{"line":453,"column":5}},"137":{"start":{"line":448,"column":6},"end":{"line":452,"column":9}},"138":{"start":{"line":455,"column":17},"end":{"line":455,"column":61}},"139":{"start":{"line":456,"column":4},"end":{"line":462,"column":5}},"140":{"start":{"line":457,"column":6},"end":{"line":461,"column":9}},"141":{"start":{"line":464,"column":4},"end":{"line":467,"column":6}},"142":{"start":{"line":470,"column":24},"end":{"line":470,"column":68}},"143":{"start":{"line":471,"column":52},"end":{"line":471,"column":63}},"144":{"start":{"line":472,"column":23},"end":{"line":475,"column":5}},"145":{"start":{"line":477,"column":4},"end":{"line":480,"column":7}},"146":{"start":{"line":483,"column":4},"end":{"line":483,"column":48}},"147":{"start":{"line":484,"column":4},"end":{"line":488,"column":7}},"148":{"start":{"line":493,"column":0},"end":{"line":516,"column":3}},"149":{"start":{"line":494,"column":2},"end":{"line":515,"column":3}},"150":{"start":{"line":495,"column":25},"end":{"line":495,"column":33}},"151":{"start":{"line":497,"column":4},"end":{"line":503,"column":5}},"152":{"start":{"line":498,"column":6},"end":{"line":502,"column":9}},"153":{"start":{"line":505,"column":25},"end":{"line":505,"column":80}},"154":{"start":{"line":506,"column":4},"end":{"line":506,"column":43}},"155":{"start":{"line":509,"column":4},"end":{"line":509,"column":53}},"156":{"start":{"line":510,"column":4},"end":{"line":514,"column":7}},"157":{"start":{"line":519,"column":0},"end":{"line":542,"column":3}},"158":{"start":{"line":520,"column":2},"end":{"line":541,"column":3}},"159":{"start":{"line":521,"column":22},"end":{"line":521,"column":30}},"160":{"start":{"line":523,"column":4},"end":{"line":529,"column":5}},"161":{"start":{"line":524,"column":6},"end":{"line":528,"column":9}},"162":{"start":{"line":531,"column":25},"end":{"line":531,"column":74}},"163":{"start":{"line":532,"column":4},"end":{"line":532,"column":43}},"164":{"start":{"line":535,"column":4},"end":{"line":535,"column":50}},"165":{"start":{"line":536,"column":4},"end":{"line":540,"column":7}},"166":{"start":{"line":544,"column":0},"end":{"line":544,"column":24}}},"fnMap":{"0":{"name":"(anonymous_0)","decl":{"start":{"line":6,"column":54},"end":{"line":6,"column":55}},"loc":{"start":{"line":6,"column":74},"end":{"line":31,"column":1}},"line":6},"1":{"name":"(anonymous_1)","decl":{"start":{"line":11,"column":44},"end":{"line":11,"column":45}},"loc":{"start":{"line":11,"column":52},"end":{"line":17,"column":5}},"line":11},"2":{"name":"(anonymous_2)","decl":{"start":{"line":34,"column":55},"end":{"line":34,"column":56}},"loc":{"start":{"line":34,"column":75},"end":{"line":102,"column":1}},"line":34},"3":{"name":"(anonymous_3)","decl":{"start":{"line":105,"column":60},"end":{"line":105,"column":61}},"loc":{"start":{"line":105,"column":80},"end":{"line":153,"column":1}},"line":105},"4":{"name":"(anonymous_4)","decl":{"start":{"line":132,"column":44},"end":{"line":132,"column":45}},"loc":{"start":{"line":132,"column":52},"end":{"line":138,"column":5}},"line":132},"5":{"name":"(anonymous_5)","decl":{"start":{"line":156,"column":57},"end":{"line":156,"column":58}},"loc":{"start":{"line":156,"column":77},"end":{"line":188,"column":1}},"line":156},"6":{"name":"(anonymous_6)","decl":{"start":{"line":191,"column":57},"end":{"line":191,"column":58}},"loc":{"start":{"line":191,"column":77},"end":{"line":271,"column":1}},"line":191},"7":{"name":"(anonymous_7)","decl":{"start":{"line":274,"column":60},"end":{"line":274,"column":61}},"loc":{"start":{"line":274,"column":80},"end":{"line":430,"column":1}},"line":274},"8":{"name":"(anonymous_8)","decl":{"start":{"line":337,"column":43},"end":{"line":337,"column":44}},"loc":{"start":{"line":337,"column":54},"end":{"line":337,"column":83}},"line":337},"9":{"name":"(anonymous_9)","decl":{"start":{"line":346,"column":48},"end":{"line":346,"column":49}},"loc":{"start":{"line":346,"column":60},"end":{"line":346,"column":90}},"line":346},"10":{"name":"(anonymous_10)","decl":{"start":{"line":389,"column":46},"end":{"line":389,"column":47}},"loc":{"start":{"line":389,"column":58},"end":{"line":389,"column":88}},"line":389},"11":{"name":"(anonymous_11)","decl":{"start":{"line":433,"column":65},"end":{"line":433,"column":66}},"loc":{"start":{"line":433,"column":85},"end":{"line":490,"column":1}},"line":433},"12":{"name":"(anonymous_12)","decl":{"start":{"line":493,"column":72},"end":{"line":493,"column":73}},"loc":{"start":{"line":493,"column":92},"end":{"line":516,"column":1}},"line":493},"13":{"name":"(anonymous_13)","decl":{"start":{"line":519,"column":69},"end":{"line":519,"column":70}},"loc":{"start":{"line":519,"column":89},"end":{"line":542,"column":1}},"line":519}},"branchMap":{"0":{"loc":{"start":{"line":36,"column":39},"end":{"line":36,"column":52}},"type":"default-arg","locations":[{"start":{"line":36,"column":46},"end":{"line":36,"column":52}}],"line":36},"1":{"loc":{"start":{"line":38,"column":4},"end":{"line":44,"column":5}},"type":"if","locations":[{"start":{"line":38,"column":4},"end":{"line":44,"column":5}},{"start":{},"end":{}}],"line":38},"2":{"loc":{"start":{"line":38,"column":8},"end":{"line":38,"column":40}},"type":"binary-expr","locations":[{"start":{"line":38,"column":8},"end":{"line":38,"column":17}},{"start":{"line":38,"column":21},"end":{"line":38,"column":27}},{"start":{"line":38,"column":31},"end":{"line":38,"column":40}}],"line":38},"3":{"loc":{"start":{"line":54,"column":4},"end":{"line":60,"column":5}},"type":"if","locations":[{"start":{"line":54,"column":4},"end":{"line":60,"column":5}},{"start":{},"end":{}}],"line":54},"4":{"loc":{"start":{"line":109,"column":4},"end":{"line":115,"column":5}},"type":"if","locations":[{"start":{"line":109,"column":4},"end":{"line":115,"column":5}},{"start":{},"end":{}}],"line":109},"5":{"loc":{"start":{"line":161,"column":4},"end":{"line":167,"column":5}},"type":"if","locations":[{"start":{"line":161,"column":4},"end":{"line":167,"column":5}},{"start":{},"end":{}}],"line":161},"6":{"loc":{"start":{"line":197,"column":4},"end":{"line":203,"column":5}},"type":"if","locations":[{"start":{"line":197,"column":4},"end":{"line":203,"column":5}},{"start":{},"end":{}}],"line":197},"7":{"loc":{"start":{"line":208,"column":4},"end":{"line":221,"column":5}},"type":"if","locations":[{"start":{"line":208,"column":4},"end":{"line":221,"column":5}},{"start":{},"end":{}}],"line":208},"8":{"loc":{"start":{"line":208,"column":8},"end":{"line":208,"column":46}},"type":"binary-expr","locations":[{"start":{"line":208,"column":8},"end":{"line":208,"column":16}},{"start":{"line":208,"column":20},"end":{"line":208,"column":46}}],"line":208},"9":{"loc":{"start":{"line":213,"column":6},"end":{"line":219,"column":7}},"type":"if","locations":[{"start":{"line":213,"column":6},"end":{"line":219,"column":7}},{"start":{},"end":{}}],"line":213},"10":{"loc":{"start":{"line":224,"column":4},"end":{"line":237,"column":5}},"type":"if","locations":[{"start":{"line":224,"column":4},"end":{"line":237,"column":5}},{"start":{},"end":{}}],"line":224},"11":{"loc":{"start":{"line":224,"column":8},"end":{"line":224,"column":37}},"type":"binary-expr","locations":[{"start":{"line":224,"column":8},"end":{"line":224,"column":13}},{"start":{"line":224,"column":17},"end":{"line":224,"column":37}}],"line":224},"12":{"loc":{"start":{"line":229,"column":6},"end":{"line":235,"column":7}},"type":"if","locations":[{"start":{"line":229,"column":6},"end":{"line":235,"column":7}},{"start":{},"end":{}}],"line":229},"13":{"loc":{"start":{"line":239,"column":4},"end":{"line":241,"column":5}},"type":"if","locations":[{"start":{"line":239,"column":4},"end":{"line":241,"column":5}},{"start":{},"end":{}}],"line":239},"14":{"loc":{"start":{"line":239,"column":8},"end":{"line":239,"column":40}},"type":"binary-expr","locations":[{"start":{"line":239,"column":8},"end":{"line":239,"column":12}},{"start":{"line":239,"column":16},"end":{"line":239,"column":40}}],"line":239},"15":{"loc":{"start":{"line":243,"column":4},"end":{"line":248,"column":5}},"type":"if","locations":[{"start":{"line":243,"column":4},"end":{"line":248,"column":5}},{"start":{},"end":{}}],"line":243},"16":{"loc":{"start":{"line":279,"column":4},"end":{"line":285,"column":5}},"type":"if","locations":[{"start":{"line":279,"column":4},"end":{"line":285,"column":5}},{"start":{},"end":{}}],"line":279},"17":{"loc":{"start":{"line":288,"column":4},"end":{"line":294,"column":5}},"type":"if","locations":[{"start":{"line":288,"column":4},"end":{"line":294,"column":5}},{"start":{},"end":{}}],"line":288},"18":{"loc":{"start":{"line":301,"column":4},"end":{"line":306,"column":5}},"type":"if","locations":[{"start":{"line":301,"column":4},"end":{"line":306,"column":5}},{"start":{"line":303,"column":11},"end":{"line":306,"column":5}}],"line":301},"19":{"loc":{"start":{"line":301,"column":8},"end":{"line":301,"column":48}},"type":"binary-expr","locations":[{"start":{"line":301,"column":8},"end":{"line":301,"column":28}},{"start":{"line":301,"column":32},"end":{"line":301,"column":48}}],"line":301},"20":{"loc":{"start":{"line":336,"column":6},"end":{"line":370,"column":7}},"type":"if","locations":[{"start":{"line":336,"column":6},"end":{"line":370,"column":7}},{"start":{"line":358,"column":13},"end":{"line":370,"column":7}}],"line":336},"21":{"loc":{"start":{"line":336,"column":10},"end":{"line":336,"column":49}},"type":"binary-expr","locations":[{"start":{"line":336,"column":10},"end":{"line":336,"column":22}},{"start":{"line":336,"column":26},"end":{"line":336,"column":49}}],"line":336},"22":{"loc":{"start":{"line":338,"column":8},"end":{"line":357,"column":9}},"type":"if","locations":[{"start":{"line":338,"column":8},"end":{"line":357,"column":9}},{"start":{"line":343,"column":15},"end":{"line":357,"column":9}}],"line":338},"23":{"loc":{"start":{"line":345,"column":10},"end":{"line":356,"column":11}},"type":"if","locations":[{"start":{"line":345,"column":10},"end":{"line":356,"column":11}},{"start":{},"end":{}}],"line":345},"24":{"loc":{"start":{"line":345,"column":14},"end":{"line":345,"column":55}},"type":"binary-expr","locations":[{"start":{"line":345,"column":14},"end":{"line":345,"column":27}},{"start":{"line":345,"column":31},"end":{"line":345,"column":55}}],"line":345},"25":{"loc":{"start":{"line":347,"column":12},"end":{"line":355,"column":13}},"type":"if","locations":[{"start":{"line":347,"column":12},"end":{"line":355,"column":13}},{"start":{},"end":{}}],"line":347},"26":{"loc":{"start":{"line":380,"column":6},"end":{"line":408,"column":7}},"type":"if","locations":[{"start":{"line":380,"column":6},"end":{"line":408,"column":7}},{"start":{"line":387,"column":13},"end":{"line":408,"column":7}}],"line":380},"27":{"loc":{"start":{"line":380,"column":10},"end":{"line":380,"column":76}},"type":"binary-expr","locations":[{"start":{"line":380,"column":10},"end":{"line":380,"column":21}},{"start":{"line":380,"column":25},"end":{"line":380,"column":43}},{"start":{"line":380,"column":47},"end":{"line":380,"column":76}}],"line":380},"28":{"loc":{"start":{"line":387,"column":13},"end":{"line":408,"column":7}},"type":"if","locations":[{"start":{"line":387,"column":13},"end":{"line":408,"column":7}},{"start":{"line":396,"column":13},"end":{"line":408,"column":7}}],"line":387},"29":{"loc":{"start":{"line":387,"column":17},"end":{"line":387,"column":62}},"type":"binary-expr","locations":[{"start":{"line":387,"column":17},"end":{"line":387,"column":32}},{"start":{"line":387,"column":36},"end":{"line":387,"column":62}}],"line":387},"30":{"loc":{"start":{"line":390,"column":8},"end":{"line":395,"column":9}},"type":"if","locations":[{"start":{"line":390,"column":8},"end":{"line":395,"column":9}},{"start":{},"end":{}}],"line":390},"31":{"loc":{"start":{"line":438,"column":4},"end":{"line":444,"column":5}},"type":"if","locations":[{"start":{"line":438,"column":4},"end":{"line":444,"column":5}},{"start":{},"end":{}}],"line":438},"32":{"loc":{"start":{"line":438,"column":8},"end":{"line":438,"column":41}},"type":"binary-expr","locations":[{"start":{"line":438,"column":8},"end":{"line":438,"column":13}},{"start":{"line":438,"column":17},"end":{"line":438,"column":41}}],"line":438},"33":{"loc":{"start":{"line":447,"column":4},"end":{"line":453,"column":5}},"type":"if","locations":[{"start":{"line":447,"column":4},"end":{"line":453,"column":5}},{"start":{},"end":{}}],"line":447},"34":{"loc":{"start":{"line":456,"column":4},"end":{"line":462,"column":5}},"type":"if","locations":[{"start":{"line":456,"column":4},"end":{"line":462,"column":5}},{"start":{},"end":{}}],"line":456},"35":{"loc":{"start":{"line":497,"column":4},"end":{"line":503,"column":5}},"type":"if","locations":[{"start":{"line":497,"column":4},"end":{"line":503,"column":5}},{"start":{},"end":{}}],"line":497},"36":{"loc":{"start":{"line":523,"column":4},"end":{"line":529,"column":5}},"type":"if","locations":[{"start":{"line":523,"column":4},"end":{"line":529,"column":5}},{"start":{},"end":{}}],"line":523}},"s":{"0":1,"1":1,"2":1,"3":1,"4":1,"5":1,"6":1,"7":2,"8":2,"9":1,"10":0,"11":0,"12":1,"13":7,"14":7,"15":7,"16":1,"17":6,"18":6,"19":1,"20":5,"21":5,"22":5,"23":5,"24":5,"25":5,"26":5,"27":5,"28":0,"29":0,"30":1,"31":5,"32":5,"33":5,"34":1,"35":4,"36":4,"37":4,"38":8,"39":8,"40":4,"41":0,"42":0,"43":1,"44":2,"45":2,"46":2,"47":2,"48":1,"49":1,"50":1,"51":1,"52":0,"53":0,"54":1,"55":3,"56":3,"57":3,"58":3,"59":3,"60":2,"61":1,"62":1,"63":0,"64":0,"65":0,"66":0,"67":1,"68":1,"69":1,"70":0,"71":1,"72":1,"73":0,"74":1,"75":1,"76":1,"77":1,"78":1,"79":1,"80":0,"81":0,"82":1,"83":3,"84":3,"85":3,"86":0,"87":3,"88":3,"89":2,"90":1,"91":1,"92":0,"93":1,"94":1,"95":1,"96":1,"97":1,"98":1,"99":1,"100":0,"101":0,"102":0,"103":0,"104":0,"105":0,"106":0,"107":0,"108":0,"109":0,"110":0,"111":1,"112":1,"113":0,"114":0,"115":0,"116":0,"117":0,"118":0,"119":0,"120":0,"121":0,"122":0,"123":1,"124":1,"125":1,"126":1,"127":0,"128":0,"129":1,"130":14,"131":14,"132":14,"133":14,"134":1,"135":13,"136":13,"137":12,"138":1,"139":1,"140":0,"141":1,"142":1,"143":1,"144":1,"145":1,"146":0,"147":0,"148":1,"149":12,"150":12,"151":12,"152":1,"153":11,"154":11,"155":0,"156":0,"157":1,"158":12,"159":12,"160":12,"161":1,"162":11,"163":11,"164":0,"165":0,"166":1},"f":{"0":1,"1":2,"2":7,"3":5,"4":8,"5":2,"6":3,"7":3,"8":0,"9":0,"10":0,"11":14,"12":12,"13":12},"b":{"0":[1],"1":[1,6],"2":[7,7,6],"3":[1,5],"4":[1,4],"5":[1,1],"6":[2,1],"7":[0,1],"8":[1,0],"9":[0,0],"10":[1,0],"11":[1,1],"12":[0,1],"13":[0,1],"14":[1,0],"15":[1,0],"16":[0,3],"17":[2,1],"18":[0,1],"19":[1,0],"20":[0,0],"21":[0,0],"22":[0,0],"23":[0,0],"24":[0,0],"25":[0,0],"26":[0,0],"27":[0,0,0],"28":[0,0],"29":[0,0],"30":[0,0],"31":[1,13],"32":[14,13],"33":[12,1],"34":[0,1],"35":[1,11],"36":[1,11]},"_coverageSchema":"1a1c01bbd47fc00a2c39e90264f33305004495a9","hash":"94ecaab93fefe6f0ab32309c8907ec12ea3d19a2","contentHash":"c1b2f30a6a4a33119d4b63a210eedacfae6542591fd2d32a561b27043601420b"},"C:\\BuiTien\\Griffith\\3_year\\2 trimester\\Software Frameworks\\3813ICT_Assignment\\server\\routes\\groups.js":{"path":"C:\\BuiTien\\Griffith\\3_year\\2 trimester\\Software Frameworks\\3813ICT_Assignment\\server\\routes\\groups.js","statementMap":{"0":{"start":{"line":1,"column":16},"end":{"line":1,"column":34}},"1":{"start":{"line":2,"column":15},"end":{"line":2,"column":31}},"2":{"start":{"line":3,"column":49},"end":{"line":3,"column":78}},"3":{"start":{"line":6,"column":0},"end":{"line":43,"column":3}},"4":{"start":{"line":7,"column":2},"end":{"line":42,"column":3}},"5":{"start":{"line":11,"column":4},"end":{"line":24,"column":5}},"6":{"start":{"line":13,"column":6},"end":{"line":13,"column":75}},"7":{"start":{"line":16,"column":6},"end":{"line":23,"column":19}},"8":{"start":{"line":27,"column":25},"end":{"line":30,"column":7}},"9":{"start":{"line":27,"column":46},"end":{"line":30,"column":5}},"10":{"start":{"line":32,"column":4},"end":{"line":34,"column":7}},"11":{"start":{"line":36,"column":4},"end":{"line":36,"column":46}},"12":{"start":{"line":37,"column":4},"end":{"line":41,"column":7}},"13":{"start":{"line":46,"column":0},"end":{"line":74,"column":3}},"14":{"start":{"line":47,"column":2},"end":{"line":73,"column":3}},"15":{"start":{"line":48,"column":19},"end":{"line":55,"column":16}},"16":{"start":{"line":58,"column":25},"end":{"line":61,"column":7}},"17":{"start":{"line":58,"column":46},"end":{"line":61,"column":5}},"18":{"start":{"line":63,"column":4},"end":{"line":65,"column":7}},"19":{"start":{"line":67,"column":4},"end":{"line":67,"column":49}},"20":{"start":{"line":68,"column":4},"end":{"line":72,"column":7}},"21":{"start":{"line":77,"column":0},"end":{"line":144,"column":3}},"22":{"start":{"line":78,"column":2},"end":{"line":143,"column":3}},"23":{"start":{"line":79,"column":39},"end":{"line":79,"column":47}},"24":{"start":{"line":81,"column":4},"end":{"line":87,"column":5}},"25":{"start":{"line":82,"column":6},"end":{"line":86,"column":9}},"26":{"start":{"line":89,"column":22},"end":{"line":89,"column":34}},"27":{"start":{"line":92,"column":26},"end":{"line":95,"column":6}},"28":{"start":{"line":97,"column":4},"end":{"line":103,"column":5}},"29":{"start":{"line":98,"column":6},"end":{"line":102,"column":9}},"30":{"start":{"line":106,"column":22},"end":{"line":106,"column":32}},"31":{"start":{"line":107,"column":22},"end":{"line":107,"column":54}},"32":{"start":{"line":108,"column":20},"end":{"line":108,"column":53}},"33":{"start":{"line":111,"column":21},"end":{"line":121,"column":5}},"34":{"start":{"line":123,"column":4},"end":{"line":123,"column":49}},"35":{"start":{"line":126,"column":24},"end":{"line":129,"column":5}},"36":{"start":{"line":131,"column":4},"end":{"line":134,"column":7}},"37":{"start":{"line":137,"column":4},"end":{"line":137,"column":48}},"38":{"start":{"line":138,"column":4},"end":{"line":142,"column":7}},"39":{"start":{"line":147,"column":0},"end":{"line":190,"column":3}},"40":{"start":{"line":148,"column":2},"end":{"line":189,"column":3}},"41":{"start":{"line":149,"column":19},"end":{"line":149,"column":29}},"42":{"start":{"line":150,"column":18},"end":{"line":150,"column":79}},"43":{"start":{"line":152,"column":4},"end":{"line":158,"column":5}},"44":{"start":{"line":153,"column":6},"end":{"line":157,"column":9}},"45":{"start":{"line":161,"column":22},"end":{"line":164,"column":53}},"46":{"start":{"line":166,"column":4},"end":{"line":172,"column":5}},"47":{"start":{"line":167,"column":6},"end":{"line":171,"column":9}},"48":{"start":{"line":175,"column":24},"end":{"line":178,"column":5}},"49":{"start":{"line":180,"column":4},"end":{"line":180,"column":37}},"50":{"start":{"line":183,"column":4},"end":{"line":183,"column":51}},"51":{"start":{"line":184,"column":4},"end":{"line":188,"column":7}},"52":{"start":{"line":193,"column":0},"end":{"line":250,"column":3}},"53":{"start":{"line":194,"column":2},"end":{"line":249,"column":3}},"54":{"start":{"line":195,"column":19},"end":{"line":195,"column":29}},"55":{"start":{"line":196,"column":18},"end":{"line":196,"column":79}},"56":{"start":{"line":198,"column":4},"end":{"line":204,"column":5}},"57":{"start":{"line":199,"column":6},"end":{"line":203,"column":9}},"58":{"start":{"line":207,"column":22},"end":{"line":210,"column":53}},"59":{"start":{"line":212,"column":4},"end":{"line":218,"column":5}},"60":{"start":{"line":213,"column":6},"end":{"line":217,"column":9}},"61":{"start":{"line":221,"column":25},"end":{"line":221,"column":74}},"62":{"start":{"line":222,"column":18},"end":{"line":225,"column":16}},"63":{"start":{"line":228,"column":29},"end":{"line":236,"column":6}},"64":{"start":{"line":229,"column":51},"end":{"line":229,"column":55}},"65":{"start":{"line":230,"column":6},"end":{"line":235,"column":8}},"66":{"start":{"line":238,"column":4},"end":{"line":240,"column":7}},"67":{"start":{"line":243,"column":4},"end":{"line":243,"column":53}},"68":{"start":{"line":244,"column":4},"end":{"line":248,"column":7}},"69":{"start":{"line":253,"column":0},"end":{"line":334,"column":3}},"70":{"start":{"line":254,"column":2},"end":{"line":333,"column":3}},"71":{"start":{"line":255,"column":19},"end":{"line":255,"column":29}},"72":{"start":{"line":256,"column":34},"end":{"line":256,"column":42}},"73":{"start":{"line":258,"column":18},"end":{"line":258,"column":79}},"74":{"start":{"line":260,"column":4},"end":{"line":266,"column":5}},"75":{"start":{"line":261,"column":6},"end":{"line":265,"column":9}},"76":{"start":{"line":269,"column":22},"end":{"line":271,"column":56}},"77":{"start":{"line":273,"column":4},"end":{"line":279,"column":5}},"78":{"start":{"line":274,"column":6},"end":{"line":278,"column":9}},"79":{"start":{"line":281,"column":23},"end":{"line":281,"column":25}},"80":{"start":{"line":284,"column":4},"end":{"line":299,"column":5}},"81":{"start":{"line":285,"column":28},"end":{"line":289,"column":8}},"82":{"start":{"line":291,"column":6},"end":{"line":297,"column":7}},"83":{"start":{"line":292,"column":8},"end":{"line":296,"column":11}},"84":{"start":{"line":298,"column":6},"end":{"line":298,"column":29}},"85":{"start":{"line":301,"column":4},"end":{"line":303,"column":5}},"86":{"start":{"line":302,"column":6},"end":{"line":302,"column":43}},"87":{"start":{"line":305,"column":4},"end":{"line":310,"column":5}},"88":{"start":{"line":306,"column":6},"end":{"line":309,"column":8}},"89":{"start":{"line":313,"column":25},"end":{"line":313,"column":70}},"90":{"start":{"line":316,"column":24},"end":{"line":319,"column":5}},"91":{"start":{"line":321,"column":4},"end":{"line":324,"column":7}},"92":{"start":{"line":327,"column":4},"end":{"line":327,"column":48}},"93":{"start":{"line":328,"column":4},"end":{"line":332,"column":7}},"94":{"start":{"line":337,"column":0},"end":{"line":401,"column":3}},"95":{"start":{"line":338,"column":2},"end":{"line":400,"column":3}},"96":{"start":{"line":339,"column":19},"end":{"line":339,"column":29}},"97":{"start":{"line":341,"column":18},"end":{"line":341,"column":79}},"98":{"start":{"line":343,"column":4},"end":{"line":349,"column":5}},"99":{"start":{"line":344,"column":6},"end":{"line":348,"column":9}},"100":{"start":{"line":352,"column":22},"end":{"line":352,"column":88}},"101":{"start":{"line":354,"column":4},"end":{"line":360,"column":5}},"102":{"start":{"line":355,"column":6},"end":{"line":359,"column":9}},"103":{"start":{"line":363,"column":26},"end":{"line":363,"column":84}},"104":{"start":{"line":364,"column":4},"end":{"line":364,"column":73}},"105":{"start":{"line":367,"column":31},"end":{"line":367,"column":32}},"106":{"start":{"line":368,"column":4},"end":{"line":371,"column":5}},"107":{"start":{"line":369,"column":36},"end":{"line":369,"column":112}},"108":{"start":{"line":370,"column":6},"end":{"line":370,"column":65}},"109":{"start":{"line":372,"column":4},"end":{"line":372,"column":93}},"110":{"start":{"line":375,"column":34},"end":{"line":375,"column":88}},"111":{"start":{"line":376,"column":4},"end":{"line":376,"column":91}},"112":{"start":{"line":379,"column":4},"end":{"line":382,"column":6}},"113":{"start":{"line":385,"column":4},"end":{"line":385,"column":52}},"114":{"start":{"line":386,"column":4},"end":{"line":386,"column":65}},"115":{"start":{"line":388,"column":4},"end":{"line":391,"column":7}},"116":{"start":{"line":394,"column":4},"end":{"line":394,"column":48}},"117":{"start":{"line":395,"column":4},"end":{"line":399,"column":7}},"118":{"start":{"line":404,"column":0},"end":{"line":478,"column":3}},"119":{"start":{"line":405,"column":2},"end":{"line":477,"column":3}},"120":{"start":{"line":406,"column":19},"end":{"line":406,"column":29}},"121":{"start":{"line":407,"column":23},"end":{"line":407,"column":31}},"122":{"start":{"line":409,"column":4},"end":{"line":415,"column":5}},"123":{"start":{"line":410,"column":6},"end":{"line":414,"column":9}},"124":{"start":{"line":417,"column":18},"end":{"line":417,"column":79}},"125":{"start":{"line":419,"column":4},"end":{"line":425,"column":5}},"126":{"start":{"line":420,"column":6},"end":{"line":424,"column":9}},"127":{"start":{"line":428,"column":26},"end":{"line":430,"column":60}},"128":{"start":{"line":432,"column":4},"end":{"line":438,"column":5}},"129":{"start":{"line":433,"column":6},"end":{"line":437,"column":9}},"130":{"start":{"line":441,"column":22},"end":{"line":441,"column":86}},"131":{"start":{"line":442,"column":4},"end":{"line":448,"column":5}},"132":{"start":{"line":443,"column":6},"end":{"line":447,"column":9}},"133":{"start":{"line":451,"column":4},"end":{"line":457,"column":5}},"134":{"start":{"line":452,"column":6},"end":{"line":456,"column":9}},"135":{"start":{"line":460,"column":4},"end":{"line":463,"column":6}},"136":{"start":{"line":465,"column":4},"end":{"line":468,"column":7}},"137":{"start":{"line":471,"column":4},"end":{"line":471,"column":52}},"138":{"start":{"line":472,"column":4},"end":{"line":476,"column":7}},"139":{"start":{"line":481,"column":0},"end":{"line":548,"column":3}},"140":{"start":{"line":482,"column":2},"end":{"line":547,"column":3}},"141":{"start":{"line":483,"column":27},"end":{"line":483,"column":37}},"142":{"start":{"line":485,"column":18},"end":{"line":485,"column":79}},"143":{"start":{"line":487,"column":4},"end":{"line":493,"column":5}},"144":{"start":{"line":488,"column":6},"end":{"line":492,"column":9}},"145":{"start":{"line":496,"column":22},"end":{"line":499,"column":44}},"146":{"start":{"line":501,"column":4},"end":{"line":507,"column":5}},"147":{"start":{"line":502,"column":6},"end":{"line":506,"column":9}},"148":{"start":{"line":510,"column":4},"end":{"line":516,"column":5}},"149":{"start":{"line":511,"column":6},"end":{"line":515,"column":9}},"150":{"start":{"line":519,"column":4},"end":{"line":527,"column":6}},"151":{"start":{"line":530,"column":4},"end":{"line":533,"column":6}},"152":{"start":{"line":535,"column":4},"end":{"line":538,"column":7}},"153":{"start":{"line":541,"column":4},"end":{"line":541,"column":55}},"154":{"start":{"line":542,"column":4},"end":{"line":546,"column":7}},"155":{"start":{"line":551,"column":0},"end":{"line":614,"column":3}},"156":{"start":{"line":552,"column":2},"end":{"line":613,"column":3}},"157":{"start":{"line":553,"column":19},"end":{"line":553,"column":29}},"158":{"start":{"line":554,"column":19},"end":{"line":554,"column":31}},"159":{"start":{"line":556,"column":18},"end":{"line":556,"column":79}},"160":{"start":{"line":558,"column":4},"end":{"line":564,"column":5}},"161":{"start":{"line":559,"column":6},"end":{"line":563,"column":9}},"162":{"start":{"line":567,"column":4},"end":{"line":573,"column":5}},"163":{"start":{"line":568,"column":6},"end":{"line":572,"column":9}},"164":{"start":{"line":576,"column":4},"end":{"line":582,"column":5}},"165":{"start":{"line":577,"column":6},"end":{"line":581,"column":9}},"166":{"start":{"line":585,"column":4},"end":{"line":593,"column":6}},"167":{"start":{"line":596,"column":4},"end":{"line":599,"column":6}},"168":{"start":{"line":601,"column":4},"end":{"line":604,"column":7}},"169":{"start":{"line":607,"column":4},"end":{"line":607,"column":47}},"170":{"start":{"line":608,"column":4},"end":{"line":612,"column":7}},"171":{"start":{"line":616,"column":0},"end":{"line":616,"column":24}}},"fnMap":{"0":{"name":"(anonymous_0)","decl":{"start":{"line":6,"column":35},"end":{"line":6,"column":36}},"loc":{"start":{"line":6,"column":55},"end":{"line":43,"column":1}},"line":6},"1":{"name":"(anonymous_1)","decl":{"start":{"line":27,"column":36},"end":{"line":27,"column":37}},"loc":{"start":{"line":27,"column":46},"end":{"line":30,"column":5}},"line":27},"2":{"name":"(anonymous_2)","decl":{"start":{"line":46,"column":44},"end":{"line":46,"column":45}},"loc":{"start":{"line":46,"column":64},"end":{"line":74,"column":1}},"line":46},"3":{"name":"(anonymous_3)","decl":{"start":{"line":58,"column":36},"end":{"line":58,"column":37}},"loc":{"start":{"line":58,"column":46},"end":{"line":61,"column":5}},"line":58},"4":{"name":"(anonymous_4)","decl":{"start":{"line":77,"column":55},"end":{"line":77,"column":56}},"loc":{"start":{"line":77,"column":75},"end":{"line":144,"column":1}},"line":77},"5":{"name":"(anonymous_5)","decl":{"start":{"line":147,"column":38},"end":{"line":147,"column":39}},"loc":{"start":{"line":147,"column":58},"end":{"line":190,"column":1}},"line":147},"6":{"name":"(anonymous_6)","decl":{"start":{"line":193,"column":46},"end":{"line":193,"column":47}},"loc":{"start":{"line":193,"column":66},"end":{"line":250,"column":1}},"line":193},"7":{"name":"(anonymous_7)","decl":{"start":{"line":228,"column":39},"end":{"line":228,"column":40}},"loc":{"start":{"line":228,"column":47},"end":{"line":236,"column":5}},"line":228},"8":{"name":"(anonymous_8)","decl":{"start":{"line":253,"column":38},"end":{"line":253,"column":39}},"loc":{"start":{"line":253,"column":58},"end":{"line":334,"column":1}},"line":253},"9":{"name":"(anonymous_9)","decl":{"start":{"line":337,"column":41},"end":{"line":337,"column":42}},"loc":{"start":{"line":337,"column":61},"end":{"line":401,"column":1}},"line":337},"10":{"name":"(anonymous_10)","decl":{"start":{"line":404,"column":47},"end":{"line":404,"column":48}},"loc":{"start":{"line":404,"column":67},"end":{"line":478,"column":1}},"line":404},"11":{"name":"(anonymous_11)","decl":{"start":{"line":481,"column":57},"end":{"line":481,"column":58}},"loc":{"start":{"line":481,"column":77},"end":{"line":548,"column":1}},"line":481},"12":{"name":"(anonymous_12)","decl":{"start":{"line":551,"column":45},"end":{"line":551,"column":46}},"loc":{"start":{"line":551,"column":65},"end":{"line":614,"column":1}},"line":551}},"branchMap":{"0":{"loc":{"start":{"line":11,"column":4},"end":{"line":24,"column":5}},"type":"if","locations":[{"start":{"line":11,"column":4},"end":{"line":24,"column":5}},{"start":{"line":14,"column":11},"end":{"line":24,"column":5}}],"line":11},"1":{"loc":{"start":{"line":79,"column":18},"end":{"line":79,"column":34}},"type":"default-arg","locations":[{"start":{"line":79,"column":32},"end":{"line":79,"column":34}}],"line":79},"2":{"loc":{"start":{"line":81,"column":4},"end":{"line":87,"column":5}},"type":"if","locations":[{"start":{"line":81,"column":4},"end":{"line":87,"column":5}},{"start":{},"end":{}}],"line":81},"3":{"loc":{"start":{"line":97,"column":4},"end":{"line":103,"column":5}},"type":"if","locations":[{"start":{"line":97,"column":4},"end":{"line":103,"column":5}},{"start":{},"end":{}}],"line":97},"4":{"loc":{"start":{"line":152,"column":4},"end":{"line":158,"column":5}},"type":"if","locations":[{"start":{"line":152,"column":4},"end":{"line":158,"column":5}},{"start":{},"end":{}}],"line":152},"5":{"loc":{"start":{"line":161,"column":22},"end":{"line":164,"column":53}},"type":"binary-expr","locations":[{"start":{"line":161,"column":22},"end":{"line":161,"column":52}},{"start":{"line":162,"column":21},"end":{"line":162,"column":57}},{"start":{"line":163,"column":21},"end":{"line":163,"column":56}},{"start":{"line":164,"column":21},"end":{"line":164,"column":53}}],"line":161},"6":{"loc":{"start":{"line":166,"column":4},"end":{"line":172,"column":5}},"type":"if","locations":[{"start":{"line":166,"column":4},"end":{"line":172,"column":5}},{"start":{},"end":{}}],"line":166},"7":{"loc":{"start":{"line":198,"column":4},"end":{"line":204,"column":5}},"type":"if","locations":[{"start":{"line":198,"column":4},"end":{"line":204,"column":5}},{"start":{},"end":{}}],"line":198},"8":{"loc":{"start":{"line":207,"column":22},"end":{"line":210,"column":53}},"type":"binary-expr","locations":[{"start":{"line":207,"column":22},"end":{"line":207,"column":52}},{"start":{"line":208,"column":21},"end":{"line":208,"column":57}},{"start":{"line":209,"column":21},"end":{"line":209,"column":56}},{"start":{"line":210,"column":21},"end":{"line":210,"column":53}}],"line":207},"9":{"loc":{"start":{"line":212,"column":4},"end":{"line":218,"column":5}},"type":"if","locations":[{"start":{"line":212,"column":4},"end":{"line":218,"column":5}},{"start":{},"end":{}}],"line":212},"10":{"loc":{"start":{"line":233,"column":19},"end":{"line":234,"column":70}},"type":"cond-expr","locations":[{"start":{"line":233,"column":50},"end":{"line":233,"column":59}},{"start":{"line":234,"column":18},"end":{"line":234,"column":70}}],"line":233},"11":{"loc":{"start":{"line":234,"column":18},"end":{"line":234,"column":70}},"type":"cond-expr","locations":[{"start":{"line":234,"column":52},"end":{"line":234,"column":59}},{"start":{"line":234,"column":62},"end":{"line":234,"column":70}}],"line":234},"12":{"loc":{"start":{"line":260,"column":4},"end":{"line":266,"column":5}},"type":"if","locations":[{"start":{"line":260,"column":4},"end":{"line":266,"column":5}},{"start":{},"end":{}}],"line":260},"13":{"loc":{"start":{"line":269,"column":22},"end":{"line":271,"column":56}},"type":"binary-expr","locations":[{"start":{"line":269,"column":22},"end":{"line":269,"column":52}},{"start":{"line":270,"column":21},"end":{"line":270,"column":53}},{"start":{"line":271,"column":21},"end":{"line":271,"column":56}}],"line":269},"14":{"loc":{"start":{"line":273,"column":4},"end":{"line":279,"column":5}},"type":"if","locations":[{"start":{"line":273,"column":4},"end":{"line":279,"column":5}},{"start":{},"end":{}}],"line":273},"15":{"loc":{"start":{"line":284,"column":4},"end":{"line":299,"column":5}},"type":"if","locations":[{"start":{"line":284,"column":4},"end":{"line":299,"column":5}},{"start":{},"end":{}}],"line":284},"16":{"loc":{"start":{"line":284,"column":8},"end":{"line":284,"column":35}},"type":"binary-expr","locations":[{"start":{"line":284,"column":8},"end":{"line":284,"column":12}},{"start":{"line":284,"column":16},"end":{"line":284,"column":35}}],"line":284},"17":{"loc":{"start":{"line":291,"column":6},"end":{"line":297,"column":7}},"type":"if","locations":[{"start":{"line":291,"column":6},"end":{"line":297,"column":7}},{"start":{},"end":{}}],"line":291},"18":{"loc":{"start":{"line":301,"column":4},"end":{"line":303,"column":5}},"type":"if","locations":[{"start":{"line":301,"column":4},"end":{"line":303,"column":5}},{"start":{},"end":{}}],"line":301},"19":{"loc":{"start":{"line":305,"column":4},"end":{"line":310,"column":5}},"type":"if","locations":[{"start":{"line":305,"column":4},"end":{"line":310,"column":5}},{"start":{},"end":{}}],"line":305},"20":{"loc":{"start":{"line":343,"column":4},"end":{"line":349,"column":5}},"type":"if","locations":[{"start":{"line":343,"column":4},"end":{"line":349,"column":5}},{"start":{},"end":{}}],"line":343},"21":{"loc":{"start":{"line":352,"column":22},"end":{"line":352,"column":88}},"type":"binary-expr","locations":[{"start":{"line":352,"column":22},"end":{"line":352,"column":52}},{"start":{"line":352,"column":56},"end":{"line":352,"column":88}}],"line":352},"22":{"loc":{"start":{"line":354,"column":4},"end":{"line":360,"column":5}},"type":"if","locations":[{"start":{"line":354,"column":4},"end":{"line":360,"column":5}},{"start":{},"end":{}}],"line":354},"23":{"loc":{"start":{"line":409,"column":4},"end":{"line":415,"column":5}},"type":"if","locations":[{"start":{"line":409,"column":4},"end":{"line":415,"column":5}},{"start":{},"end":{}}],"line":409},"24":{"loc":{"start":{"line":419,"column":4},"end":{"line":425,"column":5}},"type":"if","locations":[{"start":{"line":419,"column":4},"end":{"line":425,"column":5}},{"start":{},"end":{}}],"line":419},"25":{"loc":{"start":{"line":428,"column":26},"end":{"line":430,"column":60}},"type":"binary-expr","locations":[{"start":{"line":428,"column":26},"end":{"line":428,"column":56}},{"start":{"line":429,"column":25},"end":{"line":429,"column":57}},{"start":{"line":430,"column":25},"end":{"line":430,"column":60}}],"line":428},"26":{"loc":{"start":{"line":432,"column":4},"end":{"line":438,"column":5}},"type":"if","locations":[{"start":{"line":432,"column":4},"end":{"line":438,"column":5}},{"start":{},"end":{}}],"line":432},"27":{"loc":{"start":{"line":442,"column":4},"end":{"line":448,"column":5}},"type":"if","locations":[{"start":{"line":442,"column":4},"end":{"line":448,"column":5}},{"start":{},"end":{}}],"line":442},"28":{"loc":{"start":{"line":451,"column":4},"end":{"line":457,"column":5}},"type":"if","locations":[{"start":{"line":451,"column":4},"end":{"line":457,"column":5}},{"start":{},"end":{}}],"line":451},"29":{"loc":{"start":{"line":487,"column":4},"end":{"line":493,"column":5}},"type":"if","locations":[{"start":{"line":487,"column":4},"end":{"line":493,"column":5}},{"start":{},"end":{}}],"line":487},"30":{"loc":{"start":{"line":496,"column":22},"end":{"line":499,"column":44}},"type":"binary-expr","locations":[{"start":{"line":496,"column":22},"end":{"line":496,"column":52}},{"start":{"line":497,"column":21},"end":{"line":497,"column":53}},{"start":{"line":498,"column":21},"end":{"line":498,"column":56}},{"start":{"line":499,"column":21},"end":{"line":499,"column":44}}],"line":496},"31":{"loc":{"start":{"line":501,"column":4},"end":{"line":507,"column":5}},"type":"if","locations":[{"start":{"line":501,"column":4},"end":{"line":507,"column":5}},{"start":{},"end":{}}],"line":501},"32":{"loc":{"start":{"line":510,"column":4},"end":{"line":516,"column":5}},"type":"if","locations":[{"start":{"line":510,"column":4},"end":{"line":516,"column":5}},{"start":{},"end":{}}],"line":510},"33":{"loc":{"start":{"line":558,"column":4},"end":{"line":564,"column":5}},"type":"if","locations":[{"start":{"line":558,"column":4},"end":{"line":564,"column":5}},{"start":{},"end":{}}],"line":558},"34":{"loc":{"start":{"line":567,"column":4},"end":{"line":573,"column":5}},"type":"if","locations":[{"start":{"line":567,"column":4},"end":{"line":573,"column":5}},{"start":{},"end":{}}],"line":567},"35":{"loc":{"start":{"line":576,"column":4},"end":{"line":582,"column":5}},"type":"if","locations":[{"start":{"line":576,"column":4},"end":{"line":582,"column":5}},{"start":{},"end":{}}],"line":576}},"s":{"0":1,"1":1,"2":1,"3":1,"4":2,"5":2,"6":1,"7":1,"8":2,"9":2,"10":2,"11":0,"12":0,"13":1,"14":1,"15":1,"16":1,"17":1,"18":1,"19":0,"20":0,"21":1,"22":6,"23":6,"24":6,"25":1,"26":5,"27":5,"28":5,"29":1,"30":4,"31":4,"32":4,"33":4,"34":4,"35":4,"36":4,"37":0,"38":0,"39":1,"40":4,"41":4,"42":4,"43":4,"44":1,"45":3,"46":3,"47":1,"48":2,"49":2,"50":0,"51":0,"52":1,"53":2,"54":2,"55":2,"56":2,"57":1,"58":1,"59":1,"60":0,"61":1,"62":1,"63":1,"64":1,"65":1,"66":1,"67":0,"68":0,"69":1,"70":4,"71":4,"72":4,"73":4,"74":4,"75":1,"76":3,"77":3,"78":1,"79":2,"80":2,"81":1,"82":1,"83":0,"84":1,"85":2,"86":2,"87":2,"88":2,"89":2,"90":2,"91":2,"92":0,"93":0,"94":1,"95":3,"96":3,"97":3,"98":3,"99":1,"100":2,"101":2,"102":1,"103":1,"104":1,"105":1,"106":1,"107":0,"108":0,"109":1,"110":1,"111":1,"112":1,"113":1,"114":1,"115":1,"116":0,"117":0,"118":1,"119":4,"120":4,"121":4,"122":4,"123":0,"124":4,"125":4,"126":0,"127":4,"128":4,"129":0,"130":4,"131":4,"132":1,"133":3,"134":0,"135":3,"136":3,"137":0,"138":0,"139":1,"140":2,"141":2,"142":2,"143":2,"144":1,"145":1,"146":1,"147":0,"148":1,"149":0,"150":1,"151":1,"152":1,"153":0,"154":0,"155":1,"156":2,"157":2,"158":2,"159":2,"160":2,"161":1,"162":1,"163":0,"164":1,"165":0,"166":1,"167":1,"168":1,"169":0,"170":0,"171":1},"f":{"0":2,"1":2,"2":1,"3":1,"4":6,"5":4,"6":2,"7":1,"8":4,"9":3,"10":4,"11":2,"12":2},"b":{"0":[1,1],"1":[0],"2":[1,5],"3":[1,4],"4":[1,3],"5":[3,2,1,1],"6":[1,2],"7":[1,1],"8":[1,1,0,0],"9":[0,1],"10":[1,0],"11":[0,0],"12":[1,3],"13":[3,2,1],"14":[1,2],"15":[1,1],"16":[2,1],"17":[0,1],"18":[2,0],"19":[2,0],"20":[1,2],"21":[2,2],"22":[1,1],"23":[0,4],"24":[0,4],"25":[4,4,0],"26":[0,4],"27":[1,3],"28":[0,3],"29":[1,1],"30":[1,1,0,0],"31":[0,1],"32":[0,1],"33":[1,1],"34":[0,1],"35":[0,1]},"_coverageSchema":"1a1c01bbd47fc00a2c39e90264f33305004495a9","hash":"25f61690dc37a7e3d880d7cc121dfd6ec2311ed4","contentHash":"7bdfd11496932e048fec989f83d72ca2e0e5b213d34cb619ccb163871d14ab2d"},"C:\\BuiTien\\Griffith\\3_year\\2 trimester\\Software Frameworks\\3813ICT_Assignment\\server\\routes\\channels.js":{"path":"C:\\BuiTien\\Griffith\\3_year\\2 trimester\\Software Frameworks\\3813ICT_Assignment\\server\\routes\\channels.js","statementMap":{"0":{"start":{"line":1,"column":16},"end":{"line":1,"column":34}},"1":{"start":{"line":2,"column":15},"end":{"line":2,"column":31}},"2":{"start":{"line":3,"column":49},"end":{"line":3,"column":78}},"3":{"start":{"line":6,"column":25},"end":{"line":19,"column":1}},"4":{"start":{"line":7,"column":16},"end":{"line":7,"column":82}},"5":{"start":{"line":8,"column":2},"end":{"line":8,"column":68}},"6":{"start":{"line":8,"column":14},"end":{"line":8,"column":68}},"7":{"start":{"line":11,"column":2},"end":{"line":11,"column":72}},"8":{"start":{"line":11,"column":38},"end":{"line":11,"column":72}},"9":{"start":{"line":14,"column":20},"end":{"line":16,"column":51}},"10":{"start":{"line":18,"column":2},"end":{"line":18,"column":96}},"11":{"start":{"line":22,"column":23},"end":{"line":26,"column":1}},"12":{"start":{"line":23,"column":2},"end":{"line":25,"column":45}},"13":{"start":{"line":29,"column":0},"end":{"line":66,"column":3}},"14":{"start":{"line":30,"column":2},"end":{"line":65,"column":3}},"15":{"start":{"line":31,"column":24},"end":{"line":31,"column":34}},"16":{"start":{"line":34,"column":33},"end":{"line":34,"column":69}},"17":{"start":{"line":35,"column":4},"end":{"line":41,"column":5}},"18":{"start":{"line":36,"column":6},"end":{"line":40,"column":9}},"19":{"start":{"line":43,"column":21},"end":{"line":46,"column":16}},"20":{"start":{"line":49,"column":27},"end":{"line":52,"column":7}},"21":{"start":{"line":49,"column":52},"end":{"line":52,"column":5}},"22":{"start":{"line":54,"column":4},"end":{"line":56,"column":7}},"23":{"start":{"line":59,"column":4},"end":{"line":59,"column":54}},"24":{"start":{"line":60,"column":4},"end":{"line":64,"column":7}},"25":{"start":{"line":69,"column":0},"end":{"line":107,"column":3}},"26":{"start":{"line":70,"column":2},"end":{"line":106,"column":3}},"27":{"start":{"line":72,"column":23},"end":{"line":79,"column":16}},"28":{"start":{"line":81,"column":21},"end":{"line":81,"column":47}},"29":{"start":{"line":81,"column":41},"end":{"line":81,"column":46}},"30":{"start":{"line":84,"column":21},"end":{"line":87,"column":16}},"31":{"start":{"line":90,"column":27},"end":{"line":93,"column":7}},"32":{"start":{"line":90,"column":52},"end":{"line":93,"column":5}},"33":{"start":{"line":95,"column":4},"end":{"line":97,"column":7}},"34":{"start":{"line":100,"column":4},"end":{"line":100,"column":51}},"35":{"start":{"line":101,"column":4},"end":{"line":105,"column":7}},"36":{"start":{"line":110,"column":0},"end":{"line":149,"column":3}},"37":{"start":{"line":111,"column":2},"end":{"line":148,"column":3}},"38":{"start":{"line":112,"column":19},"end":{"line":112,"column":29}},"39":{"start":{"line":113,"column":20},"end":{"line":113,"column":83}},"40":{"start":{"line":115,"column":4},"end":{"line":121,"column":5}},"41":{"start":{"line":116,"column":6},"end":{"line":120,"column":9}},"42":{"start":{"line":124,"column":33},"end":{"line":124,"column":77}},"43":{"start":{"line":125,"column":4},"end":{"line":131,"column":5}},"44":{"start":{"line":126,"column":6},"end":{"line":130,"column":9}},"45":{"start":{"line":134,"column":26},"end":{"line":137,"column":5}},"46":{"start":{"line":139,"column":4},"end":{"line":139,"column":41}},"47":{"start":{"line":142,"column":4},"end":{"line":142,"column":53}},"48":{"start":{"line":143,"column":4},"end":{"line":147,"column":7}},"49":{"start":{"line":152,"column":0},"end":{"line":251,"column":3}},"50":{"start":{"line":153,"column":2},"end":{"line":250,"column":3}},"51":{"start":{"line":154,"column":48},"end":{"line":154,"column":56}},"52":{"start":{"line":156,"column":4},"end":{"line":162,"column":5}},"53":{"start":{"line":157,"column":6},"end":{"line":161,"column":9}},"54":{"start":{"line":165,"column":40},"end":{"line":165,"column":76}},"55":{"start":{"line":166,"column":4},"end":{"line":172,"column":5}},"56":{"start":{"line":167,"column":6},"end":{"line":171,"column":9}},"57":{"start":{"line":174,"column":4},"end":{"line":180,"column":5}},"58":{"start":{"line":175,"column":6},"end":{"line":179,"column":9}},"59":{"start":{"line":183,"column":28},"end":{"line":187,"column":6}},"60":{"start":{"line":189,"column":4},"end":{"line":195,"column":5}},"61":{"start":{"line":190,"column":6},"end":{"line":194,"column":9}},"62":{"start":{"line":198,"column":22},"end":{"line":198,"column":32}},"63":{"start":{"line":199,"column":22},"end":{"line":199,"column":54}},"64":{"start":{"line":200,"column":22},"end":{"line":200,"column":57}},"65":{"start":{"line":203,"column":23},"end":{"line":212,"column":5}},"66":{"start":{"line":214,"column":4},"end":{"line":214,"column":53}},"67":{"start":{"line":217,"column":4},"end":{"line":220,"column":6}},"68":{"start":{"line":223,"column":26},"end":{"line":226,"column":5}},"69":{"start":{"line":228,"column":4},"end":{"line":231,"column":7}},"70":{"start":{"line":234,"column":4},"end":{"line":234,"column":50}},"71":{"start":{"line":237,"column":4},"end":{"line":243,"column":5}},"72":{"start":{"line":238,"column":6},"end":{"line":242,"column":9}},"73":{"start":{"line":245,"column":4},"end":{"line":249,"column":7}},"74":{"start":{"line":254,"column":0},"end":{"line":345,"column":3}},"75":{"start":{"line":255,"column":2},"end":{"line":344,"column":3}},"76":{"start":{"line":256,"column":19},"end":{"line":256,"column":29}},"77":{"start":{"line":257,"column":34},"end":{"line":257,"column":42}},"78":{"start":{"line":259,"column":20},"end":{"line":259,"column":83}},"79":{"start":{"line":261,"column":4},"end":{"line":267,"column":5}},"80":{"start":{"line":262,"column":6},"end":{"line":266,"column":9}},"81":{"start":{"line":270,"column":40},"end":{"line":270,"column":84}},"82":{"start":{"line":271,"column":4},"end":{"line":277,"column":5}},"83":{"start":{"line":272,"column":6},"end":{"line":276,"column":9}},"84":{"start":{"line":279,"column":22},"end":{"line":281,"column":47}},"85":{"start":{"line":283,"column":4},"end":{"line":289,"column":5}},"86":{"start":{"line":284,"column":6},"end":{"line":288,"column":9}},"87":{"start":{"line":291,"column":23},"end":{"line":291,"column":25}},"88":{"start":{"line":294,"column":4},"end":{"line":310,"column":5}},"89":{"start":{"line":295,"column":30},"end":{"line":300,"column":8}},"90":{"start":{"line":302,"column":6},"end":{"line":308,"column":7}},"91":{"start":{"line":303,"column":8},"end":{"line":307,"column":11}},"92":{"start":{"line":309,"column":6},"end":{"line":309,"column":29}},"93":{"start":{"line":312,"column":4},"end":{"line":314,"column":5}},"94":{"start":{"line":313,"column":6},"end":{"line":313,"column":43}},"95":{"start":{"line":316,"column":4},"end":{"line":321,"column":5}},"96":{"start":{"line":317,"column":6},"end":{"line":320,"column":8}},"97":{"start":{"line":324,"column":27},"end":{"line":324,"column":74}},"98":{"start":{"line":327,"column":26},"end":{"line":330,"column":5}},"99":{"start":{"line":332,"column":4},"end":{"line":335,"column":7}},"100":{"start":{"line":338,"column":4},"end":{"line":338,"column":50}},"101":{"start":{"line":339,"column":4},"end":{"line":343,"column":7}},"102":{"start":{"line":348,"column":0},"end":{"line":411,"column":3}},"103":{"start":{"line":349,"column":2},"end":{"line":410,"column":3}},"104":{"start":{"line":350,"column":19},"end":{"line":350,"column":29}},"105":{"start":{"line":352,"column":20},"end":{"line":352,"column":83}},"106":{"start":{"line":354,"column":4},"end":{"line":360,"column":5}},"107":{"start":{"line":355,"column":6},"end":{"line":359,"column":9}},"108":{"start":{"line":363,"column":40},"end":{"line":363,"column":84}},"109":{"start":{"line":364,"column":4},"end":{"line":370,"column":5}},"110":{"start":{"line":365,"column":6},"end":{"line":369,"column":9}},"111":{"start":{"line":372,"column":22},"end":{"line":374,"column":47}},"112":{"start":{"line":376,"column":4},"end":{"line":382,"column":5}},"113":{"start":{"line":377,"column":6},"end":{"line":381,"column":9}},"114":{"start":{"line":385,"column":34},"end":{"line":385,"column":90}},"115":{"start":{"line":386,"column":4},"end":{"line":386,"column":93}},"116":{"start":{"line":389,"column":4},"end":{"line":392,"column":6}},"117":{"start":{"line":395,"column":4},"end":{"line":395,"column":54}},"118":{"start":{"line":396,"column":4},"end":{"line":396,"column":67}},"119":{"start":{"line":398,"column":4},"end":{"line":401,"column":7}},"120":{"start":{"line":404,"column":4},"end":{"line":404,"column":50}},"121":{"start":{"line":405,"column":4},"end":{"line":409,"column":7}},"122":{"start":{"line":414,"column":0},"end":{"line":478,"column":3}},"123":{"start":{"line":415,"column":2},"end":{"line":477,"column":3}},"124":{"start":{"line":416,"column":19},"end":{"line":416,"column":29}},"125":{"start":{"line":417,"column":19},"end":{"line":417,"column":31}},"126":{"start":{"line":419,"column":20},"end":{"line":419,"column":83}},"127":{"start":{"line":421,"column":4},"end":{"line":427,"column":5}},"128":{"start":{"line":422,"column":6},"end":{"line":426,"column":9}},"129":{"start":{"line":430,"column":33},"end":{"line":430,"column":77}},"130":{"start":{"line":431,"column":4},"end":{"line":437,"column":5}},"131":{"start":{"line":432,"column":6},"end":{"line":436,"column":9}},"132":{"start":{"line":440,"column":4},"end":{"line":446,"column":5}},"133":{"start":{"line":441,"column":6},"end":{"line":445,"column":9}},"134":{"start":{"line":449,"column":4},"end":{"line":452,"column":6}},"135":{"start":{"line":455,"column":4},"end":{"line":463,"column":5}},"136":{"start":{"line":456,"column":6},"end":{"line":462,"column":9}},"137":{"start":{"line":465,"column":4},"end":{"line":468,"column":7}},"138":{"start":{"line":471,"column":4},"end":{"line":471,"column":48}},"139":{"start":{"line":472,"column":4},"end":{"line":476,"column":7}},"140":{"start":{"line":481,"column":0},"end":{"line":544,"column":3}},"141":{"start":{"line":482,"column":2},"end":{"line":543,"column":3}},"142":{"start":{"line":483,"column":19},"end":{"line":483,"column":29}},"143":{"start":{"line":484,"column":19},"end":{"line":484,"column":31}},"144":{"start":{"line":486,"column":20},"end":{"line":486,"column":83}},"145":{"start":{"line":488,"column":4},"end":{"line":494,"column":5}},"146":{"start":{"line":489,"column":6},"end":{"line":493,"column":9}},"147":{"start":{"line":497,"column":4},"end":{"line":503,"column":5}},"148":{"start":{"line":498,"column":6},"end":{"line":502,"column":9}},"149":{"start":{"line":506,"column":4},"end":{"line":512,"column":5}},"150":{"start":{"line":507,"column":6},"end":{"line":511,"column":9}},"151":{"start":{"line":515,"column":4},"end":{"line":518,"column":6}},"152":{"start":{"line":521,"column":4},"end":{"line":529,"column":5}},"153":{"start":{"line":522,"column":6},"end":{"line":528,"column":9}},"154":{"start":{"line":531,"column":4},"end":{"line":534,"column":7}},"155":{"start":{"line":537,"column":4},"end":{"line":537,"column":49}},"156":{"start":{"line":538,"column":4},"end":{"line":542,"column":7}},"157":{"start":{"line":547,"column":0},"end":{"line":649,"column":3}},"158":{"start":{"line":548,"column":2},"end":{"line":648,"column":3}},"159":{"start":{"line":549,"column":19},"end":{"line":549,"column":29}},"160":{"start":{"line":550,"column":23},"end":{"line":550,"column":31}},"161":{"start":{"line":552,"column":4},"end":{"line":558,"column":5}},"162":{"start":{"line":553,"column":6},"end":{"line":557,"column":9}},"163":{"start":{"line":560,"column":20},"end":{"line":560,"column":83}},"164":{"start":{"line":562,"column":4},"end":{"line":568,"column":5}},"165":{"start":{"line":563,"column":6},"end":{"line":567,"column":9}},"166":{"start":{"line":571,"column":40},"end":{"line":571,"column":84}},"167":{"start":{"line":572,"column":4},"end":{"line":578,"column":5}},"168":{"start":{"line":573,"column":6},"end":{"line":577,"column":9}},"169":{"start":{"line":580,"column":26},"end":{"line":582,"column":51}},"170":{"start":{"line":584,"column":4},"end":{"line":590,"column":5}},"171":{"start":{"line":585,"column":6},"end":{"line":589,"column":9}},"172":{"start":{"line":593,"column":22},"end":{"line":593,"column":86}},"173":{"start":{"line":594,"column":4},"end":{"line":600,"column":5}},"174":{"start":{"line":595,"column":6},"end":{"line":599,"column":9}},"175":{"start":{"line":602,"column":4},"end":{"line":608,"column":5}},"176":{"start":{"line":603,"column":6},"end":{"line":607,"column":9}},"177":{"start":{"line":611,"column":4},"end":{"line":617,"column":5}},"178":{"start":{"line":612,"column":6},"end":{"line":616,"column":9}},"179":{"start":{"line":620,"column":4},"end":{"line":623,"column":6}},"180":{"start":{"line":626,"column":4},"end":{"line":634,"column":5}},"181":{"start":{"line":627,"column":6},"end":{"line":633,"column":9}},"182":{"start":{"line":636,"column":4},"end":{"line":639,"column":7}},"183":{"start":{"line":642,"column":4},"end":{"line":642,"column":54}},"184":{"start":{"line":643,"column":4},"end":{"line":647,"column":7}},"185":{"start":{"line":652,"column":0},"end":{"line":731,"column":3}},"186":{"start":{"line":653,"column":2},"end":{"line":730,"column":3}},"187":{"start":{"line":654,"column":27},"end":{"line":654,"column":37}},"188":{"start":{"line":656,"column":20},"end":{"line":656,"column":83}},"189":{"start":{"line":658,"column":4},"end":{"line":664,"column":5}},"190":{"start":{"line":659,"column":6},"end":{"line":663,"column":9}},"191":{"start":{"line":667,"column":40},"end":{"line":667,"column":84}},"192":{"start":{"line":668,"column":4},"end":{"line":674,"column":5}},"193":{"start":{"line":669,"column":6},"end":{"line":673,"column":9}},"194":{"start":{"line":676,"column":22},"end":{"line":679,"column":44}},"195":{"start":{"line":681,"column":4},"end":{"line":687,"column":5}},"196":{"start":{"line":682,"column":6},"end":{"line":686,"column":9}},"197":{"start":{"line":690,"column":4},"end":{"line":696,"column":5}},"198":{"start":{"line":691,"column":6},"end":{"line":695,"column":9}},"199":{"start":{"line":699,"column":25},"end":{"line":699,"column":89}},"200":{"start":{"line":702,"column":4},"end":{"line":705,"column":6}},"201":{"start":{"line":708,"column":4},"end":{"line":716,"column":5}},"202":{"start":{"line":709,"column":6},"end":{"line":715,"column":9}},"203":{"start":{"line":718,"column":4},"end":{"line":721,"column":7}},"204":{"start":{"line":724,"column":4},"end":{"line":724,"column":57}},"205":{"start":{"line":725,"column":4},"end":{"line":729,"column":7}},"206":{"start":{"line":734,"column":0},"end":{"line":789,"column":3}},"207":{"start":{"line":735,"column":2},"end":{"line":788,"column":3}},"208":{"start":{"line":736,"column":19},"end":{"line":736,"column":29}},"209":{"start":{"line":739,"column":20},"end":{"line":742,"column":6}},"210":{"start":{"line":744,"column":4},"end":{"line":749,"column":5}},"211":{"start":{"line":745,"column":6},"end":{"line":748,"column":9}},"212":{"start":{"line":752,"column":4},"end":{"line":757,"column":5}},"213":{"start":{"line":753,"column":6},"end":{"line":756,"column":9}},"214":{"start":{"line":760,"column":20},"end":{"line":769,"column":16}},"215":{"start":{"line":772,"column":26},"end":{"line":775,"column":7}},"216":{"start":{"line":772,"column":49},"end":{"line":775,"column":5}},"217":{"start":{"line":777,"column":4},"end":{"line":780,"column":7}},"218":{"start":{"line":783,"column":4},"end":{"line":783,"column":55}},"219":{"start":{"line":784,"column":4},"end":{"line":787,"column":7}},"220":{"start":{"line":791,"column":0},"end":{"line":791,"column":24}}},"fnMap":{"0":{"name":"(anonymous_0)","decl":{"start":{"line":6,"column":25},"end":{"line":6,"column":26}},"loc":{"start":{"line":6,"column":49},"end":{"line":19,"column":1}},"line":6},"1":{"name":"(anonymous_1)","decl":{"start":{"line":22,"column":23},"end":{"line":22,"column":24}},"loc":{"start":{"line":22,"column":39},"end":{"line":26,"column":1}},"line":22},"2":{"name":"(anonymous_2)","decl":{"start":{"line":29,"column":49},"end":{"line":29,"column":50}},"loc":{"start":{"line":29,"column":69},"end":{"line":66,"column":1}},"line":29},"3":{"name":"(anonymous_3)","decl":{"start":{"line":49,"column":40},"end":{"line":49,"column":41}},"loc":{"start":{"line":49,"column":52},"end":{"line":52,"column":5}},"line":49},"4":{"name":"(anonymous_4)","decl":{"start":{"line":69,"column":46},"end":{"line":69,"column":47}},"loc":{"start":{"line":69,"column":66},"end":{"line":107,"column":1}},"line":69},"5":{"name":"(anonymous_5)","decl":{"start":{"line":81,"column":36},"end":{"line":81,"column":37}},"loc":{"start":{"line":81,"column":41},"end":{"line":81,"column":46}},"line":81},"6":{"name":"(anonymous_6)","decl":{"start":{"line":90,"column":40},"end":{"line":90,"column":41}},"loc":{"start":{"line":90,"column":52},"end":{"line":93,"column":5}},"line":90},"7":{"name":"(anonymous_7)","decl":{"start":{"line":110,"column":38},"end":{"line":110,"column":39}},"loc":{"start":{"line":110,"column":58},"end":{"line":149,"column":1}},"line":110},"8":{"name":"(anonymous_8)","decl":{"start":{"line":152,"column":36},"end":{"line":152,"column":37}},"loc":{"start":{"line":152,"column":56},"end":{"line":251,"column":1}},"line":152},"9":{"name":"(anonymous_9)","decl":{"start":{"line":254,"column":38},"end":{"line":254,"column":39}},"loc":{"start":{"line":254,"column":58},"end":{"line":345,"column":1}},"line":254},"10":{"name":"(anonymous_10)","decl":{"start":{"line":348,"column":41},"end":{"line":348,"column":42}},"loc":{"start":{"line":348,"column":61},"end":{"line":411,"column":1}},"line":348},"11":{"name":"(anonymous_11)","decl":{"start":{"line":414,"column":44},"end":{"line":414,"column":45}},"loc":{"start":{"line":414,"column":64},"end":{"line":478,"column":1}},"line":414},"12":{"name":"(anonymous_12)","decl":{"start":{"line":481,"column":45},"end":{"line":481,"column":46}},"loc":{"start":{"line":481,"column":65},"end":{"line":544,"column":1}},"line":481},"13":{"name":"(anonymous_13)","decl":{"start":{"line":547,"column":47},"end":{"line":547,"column":48}},"loc":{"start":{"line":547,"column":67},"end":{"line":649,"column":1}},"line":547},"14":{"name":"(anonymous_14)","decl":{"start":{"line":652,"column":57},"end":{"line":652,"column":58}},"loc":{"start":{"line":652,"column":77},"end":{"line":731,"column":1}},"line":652},"15":{"name":"(anonymous_15)","decl":{"start":{"line":734,"column":46},"end":{"line":734,"column":47}},"loc":{"start":{"line":734,"column":66},"end":{"line":789,"column":1}},"line":734},"16":{"name":"(anonymous_16)","decl":{"start":{"line":772,"column":38},"end":{"line":772,"column":39}},"loc":{"start":{"line":772,"column":49},"end":{"line":775,"column":5}},"line":772}},"branchMap":{"0":{"loc":{"start":{"line":8,"column":2},"end":{"line":8,"column":68}},"type":"if","locations":[{"start":{"line":8,"column":2},"end":{"line":8,"column":68}},{"start":{},"end":{}}],"line":8},"1":{"loc":{"start":{"line":11,"column":2},"end":{"line":11,"column":72}},"type":"if","locations":[{"start":{"line":11,"column":2},"end":{"line":11,"column":72}},{"start":{},"end":{}}],"line":11},"2":{"loc":{"start":{"line":14,"column":20},"end":{"line":16,"column":51}},"type":"binary-expr","locations":[{"start":{"line":14,"column":20},"end":{"line":14,"column":56}},{"start":{"line":15,"column":19},"end":{"line":15,"column":54}},{"start":{"line":16,"column":19},"end":{"line":16,"column":51}}],"line":14},"3":{"loc":{"start":{"line":18,"column":36},"end":{"line":18,"column":93}},"type":"cond-expr","locations":[{"start":{"line":18,"column":48},"end":{"line":18,"column":52}},{"start":{"line":18,"column":55},"end":{"line":18,"column":93}}],"line":18},"4":{"loc":{"start":{"line":23,"column":9},"end":{"line":25,"column":44}},"type":"binary-expr","locations":[{"start":{"line":23,"column":9},"end":{"line":23,"column":39}},{"start":{"line":24,"column":9},"end":{"line":24,"column":41}},{"start":{"line":25,"column":9},"end":{"line":25,"column":44}}],"line":23},"5":{"loc":{"start":{"line":35,"column":4},"end":{"line":41,"column":5}},"type":"if","locations":[{"start":{"line":35,"column":4},"end":{"line":41,"column":5}},{"start":{},"end":{}}],"line":35},"6":{"loc":{"start":{"line":115,"column":4},"end":{"line":121,"column":5}},"type":"if","locations":[{"start":{"line":115,"column":4},"end":{"line":121,"column":5}},{"start":{},"end":{}}],"line":115},"7":{"loc":{"start":{"line":125,"column":4},"end":{"line":131,"column":5}},"type":"if","locations":[{"start":{"line":125,"column":4},"end":{"line":131,"column":5}},{"start":{},"end":{}}],"line":125},"8":{"loc":{"start":{"line":154,"column":18},"end":{"line":154,"column":34}},"type":"default-arg","locations":[{"start":{"line":154,"column":32},"end":{"line":154,"column":34}}],"line":154},"9":{"loc":{"start":{"line":156,"column":4},"end":{"line":162,"column":5}},"type":"if","locations":[{"start":{"line":156,"column":4},"end":{"line":162,"column":5}},{"start":{},"end":{}}],"line":156},"10":{"loc":{"start":{"line":156,"column":8},"end":{"line":156,"column":25}},"type":"binary-expr","locations":[{"start":{"line":156,"column":8},"end":{"line":156,"column":13}},{"start":{"line":156,"column":17},"end":{"line":156,"column":25}}],"line":156},"11":{"loc":{"start":{"line":166,"column":4},"end":{"line":172,"column":5}},"type":"if","locations":[{"st
[...]
"if","locations":[{"start":{"line":752,"column":4},"end":{"line":757,"column":5}},{"start":{},"end":{}}],"line":752}},"s":{"0":1,"1":1,"2":1,"3":1,"4":22,"5":22,"6":2,"7":20,"8":5,"9":15,"10":15,"11":1,"12":5,"13":1,"14":4,"15":4,"16":4,"17":4,"18":2,"19":2,"20":2,"21":0,"22":2,"23":0,"24":0,"25":1,"26":1,"27":1,"28":1,"29":1,"30":1,"31":1,"32":0,"33":1,"34":0,"35":0,"36":1,"37":4,"38":4,"39":4,"40":4,"41":1,"42":3,"43":3,"44":1,"45":2,"46":2,"47":0,"48":0,"49":1,"50":8,"51":8,"52":8,"53":2,"54":6,"55":6,"56":2,"57":4,"58":0,"59":4,"60":4,"61":1,"62":3,"63":3,"64":3,"65":3,"66":3,"67":3,"68":3,"69":3,"70":0,"71":0,"72":0,"73":0,"74":1,"75":4,"76":4,"77":4,"78":4,"79":4,"80":1,"81":3,"82":3,"83":1,"84":2,"85":2,"86":0,"87":2,"88":2,"89":1,"90":1,"91":0,"92":1,"93":2,"94":2,"95":2,"96":2,"97":2,"98":2,"99":2,"100":0,"101":0,"102":1,"103":3,"104":3,"105":3,"106":3,"107":1,"108":2,"109":2,"110":0,"111":2,"112":2,"113":1,"114":1,"115":1,"116":1,"117":1,"118":1,"119":1,"120":0,"121":0,"122":1,"123":2,"124":2,"125":2,"126":2,"127":2,"128":1,"129":1,"130":1,"131":0,"132":1,"133":0,"134":1,"135":1,"136":0,"137":1,"138":0,"139":0,"140":1,"141":2,"142":2,"143":2,"144":2,"145":2,"146":1,"147":1,"148":0,"149":1,"150":0,"151":1,"152":1,"153":0,"154":1,"155":0,"156":0,"157":1,"158":3,"159":3,"160":3,"161":3,"162":0,"163":3,"164":3,"165":1,"166":2,"167":2,"168":0,"169":2,"170":2,"171":0,"172":2,"173":2,"174":1,"175":1,"176":0,"177":1,"178":0,"179":1,"180":1,"181":0,"182":1,"183":0,"184":0,"185":1,"186":2,"187":2,"188":2,"189":2,"190":1,"191":1,"192":1,"193":0,"194":1,"195":1,"196":0,"197":1,"198":0,"199":1,"200":1,"201":1,"202":0,"203":1,"204":0,"205":0,"206":1,"207":2,"208":2,"209":2,"210":2,"211":1,"212":1,"213":0,"214":1,"215":1,"216":2,"217":1,"218":0,"219":0,"220":1},"f":{"0":22,"1":5,"2":4,"3":0,"4":1,"5":1,"6":0,"7":4,"8":8,"9":4,"10":3,"11":2,"12":2,"13":3,"14":2,"15":2,"16":2},"b":{"0":[2,20],"1":[5,15],"2":[15,4,4],"3":[11,4],"4":[5,3,1],"5":[2,2],"6":[1,3],"7":[1,2],"8":[0],"9":[2,6],"10":[8,7],"11":[2,4],"12":[0,4],"13":[1,3],"14":[0,0],"15":[0,0,0,0],"16":[1,3],"17":[1,2],"18":[2,1,0],"19":[0,2],"20":[1,1],"21":[2,1],"22":[0,1],"23":[2,0],"24":[2,0],"25":[1,2],"26":[0,2],"27":[2,2,1],"28":[1,1],"29":[1,1],"30":[0,1],"31":[0,1],"32":[0,1],"33":[1,1],"34":[0,1],"35":[0,1],"36":[0,1],"37":[0,3],"38":[1,2],"39":[0,2],"40":[2,2,0],"41":[0,2],"42":[1,1],"43":[0,1],"44":[0,1],"45":[0,1],"46":[1,1],"47":[0,1],"48":[1,1,0,0],"49":[0,1],"50":[0,1],"51":[0,1],"52":[1,0],"53":[1,1],"54":[0,1]},"_coverageSchema":"1a1c01bbd47fc00a2c39e90264f33305004495a9","hash":"3a908888ec1c1da6397b525bda4300ca8728df91","contentHash":"a6405a9bd43591e11fa11f449852dd8115c8516dcd9b76fd3b4720efcc004601"},"C:\\BuiTien\\Griffith\\3_year\\2 trimester\\Software Frameworks\\3813ICT_Assignment\\server\\routes\\upload.js":{"path":"C:\\BuiTien\\Griffith\\3_year\\2 trimester\\Software Frameworks\\3813ICT_Assignment\\server\\routes\\upload.js","statementMap":{"0":{"start":{"line":1,"column":16},"end":{"line":1,"column":34}},"1":{"start":{"line":2,"column":15},"end":{"line":2,"column":32}},"2":{"start":{"line":3,"column":13},"end":{"line":3,"column":28}},"3":{"start":{"line":4,"column":11},"end":{"line":4,"column":24}},"4":{"start":{"line":5,"column":30},"end":{"line":5,"column":59}},"5":{"start":{"line":7,"column":15},"end":{"line":7,"column":31}},"6":{"start":{"line":10,"column":22},"end":{"line":24,"column":2}},"7":{"start":{"line":12,"column":23},"end":{"line":12,"column":65}},"8":{"start":{"line":14,"column":4},"end":{"line":16,"column":5}},"9":{"start":{"line":15,"column":6},"end":{"line":15,"column":52}},"10":{"start":{"line":17,"column":4},"end":{"line":17,"column":25}},"11":{"start":{"line":21,"column":23},"end":{"line":21,"column":88}},"12":{"start":{"line":22,"column":4},"end":{"line":22,"column":25}},"13":{"start":{"line":26,"column":25},"end":{"line":41,"column":2}},"14":{"start":{"line":28,"column":23},"end":{"line":28,"column":69}},"15":{"start":{"line":30,"column":4},"end":{"line":32,"column":5}},"16":{"start":{"line":31,"column":6},"end":{"line":31,"column":52}},"17":{"start":{"line":33,"column":4},"end":{"line":33,"column":25}},"18":{"start":{"line":37,"column":22},"end":{"line":37,"column":53}},"19":{"start":{"line":38,"column":23},"end":{"line":38,"column":101}},"20":{"start":{"line":39,"column":4},"end":{"line":39,"column":25}},"21":{"start":{"line":44,"column":20},"end":{"line":52,"column":1}},"22":{"start":{"line":45,"column":27},"end":{"line":45,"column":94}},"23":{"start":{"line":47,"column":2},"end":{"line":51,"column":3}},"24":{"start":{"line":48,"column":4},"end":{"line":48,"column":19}},"25":{"start":{"line":50,"column":4},"end":{"line":50,"column":80}},"26":{"start":{"line":55,"column":21},"end":{"line":62,"column":2}},"27":{"start":{"line":64,"column":24},"end":{"line":71,"column":2}},"28":{"start":{"line":74,"column":0},"end":{"line":143,"column":3}},"29":{"start":{"line":75,"column":2},"end":{"line":142,"column":3}},"30":{"start":{"line":76,"column":4},"end":{"line":82,"column":5}},"31":{"start":{"line":77,"column":6},"end":{"line":81,"column":9}},"32":{"start":{"line":85,"column":23},"end":{"line":85,"column":62}},"33":{"start":{"line":88,"column":25},"end":{"line":96,"column":5}},"34":{"start":{"line":98,"column":4},"end":{"line":109,"column":5}},"35":{"start":{"line":100,"column":6},"end":{"line":102,"column":7}},"36":{"start":{"line":101,"column":8},"end":{"line":101,"column":37}},"37":{"start":{"line":104,"column":6},"end":{"line":108,"column":9}},"38":{"start":{"line":111,"column":4},"end":{"line":121,"column":7}},"39":{"start":{"line":123,"column":4},"end":{"line":123,"column":78}},"40":{"start":{"line":126,"column":4},"end":{"line":126,"column":49}},"41":{"start":{"line":129,"column":4},"end":{"line":135,"column":5}},"42":{"start":{"line":130,"column":6},"end":{"line":134,"column":7}},"43":{"start":{"line":131,"column":8},"end":{"line":131,"column":37}},"44":{"start":{"line":133,"column":8},"end":{"line":133,"column":72}},"45":{"start":{"line":137,"column":4},"end":{"line":141,"column":7}},"46":{"start":{"line":146,"column":0},"end":{"line":209,"column":3}},"47":{"start":{"line":147,"column":2},"end":{"line":208,"column":3}},"48":{"start":{"line":149,"column":17},"end":{"line":149,"column":71}},"49":{"start":{"line":151,"column":4},"end":{"line":157,"column":5}},"50":{"start":{"line":152,"column":6},"end":{"line":156,"column":9}},"51":{"start":{"line":159,"column":26},"end":{"line":159,"column":41}},"52":{"start":{"line":162,"column":25},"end":{"line":168,"column":5}},"53":{"start":{"line":170,"column":4},"end":{"line":176,"column":5}},"54":{"start":{"line":171,"column":6},"end":{"line":175,"column":9}},"55":{"start":{"line":179,"column":4},"end":{"line":192,"column":5}},"56":{"start":{"line":180,"column":23},"end":{"line":180,"column":51}},"57":{"start":{"line":181,"column":23},"end":{"line":181,"column":75}},"58":{"start":{"line":183,"column":6},"end":{"line":191,"column":7}},"59":{"start":{"line":184,"column":8},"end":{"line":190,"column":9}},"60":{"start":{"line":185,"column":10},"end":{"line":185,"column":34}},"61":{"start":{"line":186,"column":10},"end":{"line":186,"column":62}},"62":{"start":{"line":188,"column":10},"end":{"line":188,"column":66}},"63":{"start":{"line":194,"column":4},"end":{"line":197,"column":7}},"64":{"start":{"line":199,"column":4},"end":{"line":199,"column":69}},"65":{"start":{"line":202,"column":4},"end":{"line":202,"column":50}},"66":{"start":{"line":203,"column":4},"end":{"line":207,"column":7}},"67":{"start":{"line":212,"column":0},"end":{"line":316,"column":3}},"68":{"start":{"line":213,"column":2},"end":{"line":315,"column":3}},"69":{"start":{"line":214,"column":4},"end":{"line":220,"column":5}},"70":{"start":{"line":215,"column":6},"end":{"line":219,"column":9}},"71":{"start":{"line":222,"column":26},"end":{"line":222,"column":34}},"72":{"start":{"line":224,"column":4},"end":{"line":230,"column":5}},"73":{"start":{"line":225,"column":6},"end":{"line":229,"column":9}},"74":{"start":{"line":233,"column":20},"end":{"line":237,"column":6}},"75":{"start":{"line":239,"column":4},"end":{"line":250,"column":5}},"76":{"start":{"line":241,"column":6},"end":{"line":243,"column":7}},"77":{"start":{"line":242,"column":8},"end":{"line":242,"column":37}},"78":{"start":{"line":245,"column":6},"end":{"line":249,"column":9}},"79":{"start":{"line":253,"column":22},"end":{"line":253,"column":65}},"80":{"start":{"line":256,"column":22},"end":{"line":256,"column":32}},"81":{"start":{"line":257,"column":22},"end":{"line":257,"column":54}},"82":{"start":{"line":258,"column":22},"end":{"line":258,"column":53}},"83":{"start":{"line":261,"column":25},"end":{"line":269,"column":5}},"84":{"start":{"line":271,"column":4},"end":{"line":271,"column":55}},"85":{"start":{"line":274,"column":26},"end":{"line":277,"column":5}},"86":{"start":{"line":280,"column":4},"end":{"line":282,"column":5}},"87":{"start":{"line":281,"column":6},"end":{"line":281,"column":58}},"88":{"start":{"line":284,"column":4},"end":{"line":294,"column":7}},"89":{"start":{"line":296,"column":4},"end":{"line":296,"column":105}},"90":{"start":{"line":299,"column":4},"end":{"line":299,"column":53}},"91":{"start":{"line":302,"column":4},"end":{"line":308,"column":5}},"92":{"start":{"line":303,"column":6},"end":{"line":307,"column":7}},"93":{"start":{"line":304,"column":8},"end":{"line":304,"column":37}},"94":{"start":{"line":306,"column":8},"end":{"line":306,"column":72}},"95":{"start":{"line":310,"column":4},"end":{"line":314,"column":7}},"96":{"start":{"line":319,"column":0},"end":{"line":332,"column":3}},"97":{"start":{"line":320,"column":19},"end":{"line":320,"column":38}},"98":{"start":{"line":321,"column":19},"end":{"line":321,"column":71}},"99":{"start":{"line":323,"column":2},"end":{"line":331,"column":3}},"100":{"start":{"line":324,"column":4},"end":{"line":324,"column":27}},"101":{"start":{"line":326,"column":4},"end":{"line":330,"column":7}},"102":{"start":{"line":334,"column":0},"end":{"line":347,"column":3}},"103":{"start":{"line":335,"column":19},"end":{"line":335,"column":38}},"104":{"start":{"line":336,"column":19},"end":{"line":336,"column":75}},"105":{"start":{"line":338,"column":2},"end":{"line":346,"column":3}},"106":{"start":{"line":339,"column":4},"end":{"line":339,"column":27}},"107":{"start":{"line":341,"column":4},"end":{"line":345,"column":7}},"108":{"start":{"line":350,"column":0},"end":{"line":377,"column":3}},"109":{"start":{"line":351,"column":2},"end":{"line":366,"column":3}},"110":{"start":{"line":352,"column":4},"end":{"line":358,"column":5}},"111":{"start":{"line":353,"column":6},"end":{"line":357,"column":9}},"112":{"start":{"line":359,"column":4},"end":{"line":365,"column":5}},"113":{"start":{"line":360,"column":6},"end":{"line":364,"column":9}},"114":{"start":{"line":368,"column":2},"end":{"line":374,"column":3}},"115":{"start":{"line":369,"column":4},"end":{"line":373,"column":7}},"116":{"start":{"line":376,"column":2},"end":{"line":376,"column":14}},"117":{"start":{"line":379,"column":0},"end":{"line":379,"column":24}}},"fnMap":{"0":{"name":"(anonymous_0)","decl":{"start":{"line":11,"column":15},"end":{"line":11,"column":16}},"loc":{"start":{"line":11,"column":34},"end":{"line":18,"column":3}},"line":11},"1":{"name":"(anonymous_1)","decl":{"start":{"line":19,"column":12},"end":{"line":19,"column":13}},"loc":{"start":{"line":19,"column":31},"end":{"line":23,"column":3}},"line":19},"2":{"name":"(anonymous_2)","decl":{"start":{"line":27,"column":15},"end":{"line":27,"column":16}},"loc":{"start":{"line":27,"column":34},"end":{"line":34,"column":3}},"line":27},"3":{"name":"(anonymous_3)","decl":{"start":{"line":35,"column":12},"end":{"line":35,"column":13}},"loc":{"start":{"line":35,"column":31},"end":{"line":40,"column":3}},"line":35},"4":{"name":"(anonymous_4)","decl":{"start":{"line":44,"column":20},"end":{"line":44,"column":21}},"loc":{"start":{"line":44,"column":39},"end":{"line":52,"column":1}},"line":44},"5":{"name":"(anonymous_5)","decl":{"start":{"line":74,"column":73},"end":{"line":74,"column":74}},"loc":{"start":{"line":74,"column":93},"end":{"line":143,"column":1}},"line":74},"6":{"name":"(anonymous_6)","decl":{"start":{"line":146,"column":44},"end":{"line":146,"column":45}},"loc":{"start":{"line":146,"column":64},"end":{"line":209,"column":1}},"line":146},"7":{"name":"(anonymous_7)","decl":{"start":{"line":212,"column":79},"end":{"line":212,"column":80}},"loc":{"start":{"line":212,"column":99},"end":{"line":316,"column":1}},"line":212},"8":{"name":"(anonymous_8)","decl":{"start":{"line":319,"column":33},"end":{"line":319,"column":34}},"loc":{"start":{"line":319,"column":47},"end":{"line":332,"column":1}},"line":319},"9":{"name":"(anonymous_9)","decl":{"start":{"line":334,"column":37},"end":{"line":334,"column":38}},"loc":{"start":{"line":334,"column":51},"end":{"line":347,"column":1}},"line":334},"10":{"name":"(anonymous_10)","decl":{"start":{"line":350,"column":11},"end":{"line":350,"column":12}},"loc":{"start":{"line":350,"column":38},"end":{"line":377,"column":1}},"line":350}},"branchMap":{"0":{"loc":{"start":{"line":14,"column":4},"end":{"line":16,"column":5}},"type":"if","locations":[{"start":{"line":14,"column":4},"end":{"line":16,"column":5}},{"start":{},"end":{}}],"line":14},"1":{"loc":{"start":{"line":30,"column":4},"end":{"line":32,"column":5}},"type":"if","locations":[{"start":{"line":30,"column":4},"end":{"line":32,"column":5}},{"start":{},"end":{}}],"line":30},"2":{"loc":{"start":{"line":37,"column":22},"end":{"line":37,"column":53}},"type":"binary-expr","locations":[{"start":{"line":37,"column":22},"end":{"line":37,"column":40}},{"start":{"line":37,"column":44},"end":{"line":37,"column":53}}],"line":37},"3":{"loc":{"start":{"line":47,"column":2},"end":{"line":51,"column":3}},"type":"if","locations":[{"start":{"line":47,"column":2},"end":{"line":51,"column":3}},{"start":{"line":49,"column":9},"end":{"line":51,"column":3}}],"line":47},"4":{"loc":{"start":{"line":76,"column":4},"end":{"line":82,"column":5}},"type":"if","locations":[{"start":{"line":76,"column":4},"end":{"line":82,"column":5}},{"start":{},"end":{}}],"line":76},"5":{"loc":{"start":{"line":98,"column":4},"end":{"line":109,"column":5}},"type":"if","locations":[{"start":{"line":98,"column":4},"end":{"line":109,"column":5}},{"start":{},"end":{}}],"line":98},"6":{"loc":{"start":{"line":100,"column":6},"end":{"line":102,"column":7}},"type":"if","locations":[{"start":{"line":100,"column":6},"end":{"line":102,"column":7}},{"start":{},"end":{}}],"line":100},"7":{"loc":{"start":{"line":129,"column":4},"end":{"line":135,"column":5}},"type":"if","locations":[{"start":{"line":129,"column":4},"end":{"line":135,"column":5}},{"start":{},"end":{}}],"line":129},"8":{"loc":{"start":{"line":129,"column":8},"end":{"line":129,"column":48}},"type":"binary-expr","locations":[{"start":{"line":129,"column":8},"end":{"line":129,"column":16}},{"start":{"line":129,"column":20},"end":{"line":129,"column":48}}],"line":129},"9":{"loc":{"start":{"line":151,"column":4},"end":{"line":157,"column":5}},"type":"if","locations":[{"start":{"line":151,"column":4},"end":{"line":157,"column":5}},{"start":{},"end":{}}],"line":151},"10":{"loc":{"start":{"line":170,"column":4},"end":{"line":176,"column":5}},"type":"if","locations":[{"start":{"line":170,"column":4},"end":{"line":176,"column":5}},{"start":{},"end":{}}],"line":170},"11":{"loc":{"start":{"line":179,"column":4},"end":{"line":192,"column":5}},"type":"if","locations":[{"start":{"line":179,"column":4},"end":{"line":192,"column":5}},{"start":{},"end":{}}],"line":179},"12":{"loc":{"start":{"line":183,"column":6},"end":{"line":191,"column":7}},"type":"if","locations":[{"start":{"line":183,"column":6},"end":{"line":191,"column":7}},{"start":{},"end":{}}],"line":183},"13":{"loc":{"start":{"line":214,"column":4},"end":{"line":220,"column":5}},"type":"if","locations":[{"start":{"line":214,"column":4},"end":{"line":220,"column":5}},{"start":{},"end":{}}],"line":214},"14":{"loc":{"start":{"line":224,"column":4},"end":{"line":230,"column":5}},"type":"if","locations":[{"start":{"line":224,"column":4},"end":{"line":230,"column":5}},{"start":{},"end":{}}],"line":224},"15":{"loc":{"start":{"line":239,"column":4},"end":{"line":250,"column":5}},"type":"if","locations":[{"start":{"line":239,"column":4},"end":{"line":250,"column":5}},{"start":{},"end":{}}],"line":239},"16":{"loc":{"start":{"line":241,"column":6},"end":{"line":243,"column":7}},"type":"if","locations":[{"start":{"line":241,"column":6},"end":{"line":243,"column":7}},{"start":{},"end":{}}],"line":241},"17":{"loc":{"start":{"line":280,"column":4},"end":{"line":282,"column":5}},"type":"if","locations":[{"start":{"line":280,"column":4},"end":{"line":282,"column":5}},{"start":{},"end":{}}],"line":280},"18":{"loc":{"start":{"line":302,"column":4},"end":{"line":308,"column":5}},"type":"if","locations":[{"start":{"line":302,"column":4},"end":{"line":308,"column":5}},{"start":{},"end":{}}],"line":302},"19":{"loc":{"start":{"line":302,"column":8},"end":{"line":302,"column":48}},"type":"binary-expr","locations":[{"start":{"line":302,"column":8},"end":{"line":302,"column":16}},{"start":{"line":302,"column":20},"end":{"line":302,"column":48}}],"line":302},"20":{"loc":{"start":{"line":323,"column":2},"end":{"line":331,"column":3}},"type":"if","locations":[{"start":{"line":323,"column":2},"end":{"line":331,"column":3}},{"start":{"line":325,"column":9},"end":{"line":331,"column":3}}],"line":323},"21":{"loc":{"start":{"line":338,"column":2},"end":{"line":346,"column":3}},"type":"if","locations":[{"start":{"line":338,"column":2},"end":{"line":346,"column":3}},{"start":{"line":340,"column":9},"end":{"line":346,"column":3}}],"line":338},"22":{"loc":{"start":{"line":351,"column":2},"end":{"line":366,"column":3}},"type":"if","locations":[{"start":{"line":351,"column":2},"end":{"line":366,"column":3}},{"start":{},"end":{}}],"line":351},"23":{"loc":{"start":{"line":352,"column":4},"end":{"line":358,"column":5}},"type":"if","locations":[{"start":{"line":352,"column":4},"end":{"line":358,"column":5}},{"start":{},"end":{}}],"line":352},"24":{"loc":{"start":{"line":359,"column":4},"end":{"line":365,"column":5}},"type":"if","locations":[{"start":{"line":359,"column":4},"end":{"line":365,"column":5}},{"start":{},"end":{}}],"line":359},"25":{"loc":{"start":{"line":368,"column":2},"end":{"line":374,"column":3}},"type":"if","locations":[{"start":{"line":368,"column":2},"end":{"line":374,"column":3}},{"start":{},"end":{}}],"line":368}},"s":{"0":1,"1":1,"2":1,"3":1,"4":1,"5":1,"6":1,"7":5,"8":5,"9":0,"10":5,"11":5,"12":5,"13":1,"14":6,"15":6,"16":0,"17":6,"18":6,"19":6,"20":6,"21":1,"22":12,"23":12,"24":11,"25":1,"26":1,"27":1,"28":1,"29":6,"30":6,"31":1,"32":5,"33":5,"34":5,"35":0,"36":0,"37":0,"38":5,"39":5,"40":0,"41":0,"42":0,"43":0,"44":0,"45":0,"46":1,"47":2,"48":2,"49":2,"50":0,"51":2,"52":2,"53":2,"54":0,"55":2,"56":1,"57":1,"58":1,"59":1,"60":1,"61":1,"62":0,"63":2,"64":2,"65":0,"66":0,"67":1,"68":6,"69":6,"70":1,"71":5,"72":5,"73":1,"74":4,"75":4,"76":1,"77":1,"78":1,"79":3,"80":3,"81":3,"82":3,"83":3,"84":3,"85":3,"86":3,"87":0,"88":3,"89":3,"90":0,"91":0,"92":0,"93":0,"94":0,"95":0,"96":1,"97":2,"98":2,"99":2,"100":1,"101":1,"102":1,"103":2,"104":2,"105":2,"106":1,"107":1,"108":1,"109":2,"110":1,"111":1,"112":0,"113":0,"114":1,"115":1,"116":0,"117":1},"f":{"0":5,"1":5,"2":6,"3":6,"4":12,"5":6,"6":2,"7":6,"8":2,"9":2,"10":2},"b":{"0":[0,5],"1":[0,6],"2":[6,1],"3":[11,1],"4":[1,5],"5":[0,5],"6":[0,0],"7":[0,0],"8":[0,0],"9":[0,2],"10":[0,2],"11":[1,1],"12":[1,0],"13":[1,5],"14":[1,4],"15":[1,3],"16":[1,0],"17":[0,3],"18":[0,0],"19":[0,0],"20":[1,1],"21":[1,1],"22":[1,1],"23":[1,0],"24":[0,0],"25":[1,0]},"_coverageSchema":"1a1c01bbd47fc00a2c39e90264f33305004495a9","hash":"1e79859074ae274f074fde3ff617c11c2d6e49d9","contentHash":"6a9bb3bb59af5ada2a5e774fce5807d5ca489fa41962ff87b1b55aabec35c69c"}}